  main.cpp
C:\Users\MONTER\Documents\theGear\theGear\main.cpp(220,29): warning C4099: 'Vector3': type name first seen using 'class' now seen using 'struct'
C:\Users\MONTER\Documents\theGear\theGear\main.cpp(161): message : see declaration of 'Vector3'
C:\Users\MONTER\Documents\theGear\theGear\main.cpp(220,54): warning C4099: 'Vector3': type name first seen using 'class' now seen using 'struct'
C:\Users\MONTER\Documents\theGear\theGear\main.cpp(220): message : see declaration of 'Vector3'
C:\Users\MONTER\Documents\theGear\theGear\main.cpp(222,20): warning C4099: 'Vector3': type name first seen using 'class' now seen using 'struct'
C:\Users\MONTER\Documents\theGear\theGear\main.cpp(220): message : see declaration of 'Vector3'
C:\Users\MONTER\Documents\theGear\theGear\main.cpp(241,13): warning C4244: 'return': conversion from 'double' to 'float', possible loss of data
C:\Users\MONTER\Documents\theGear\theGear\main.cpp(258,39): warning C4244: 'argument': conversion from 'float' to 'int', possible loss of data
C:\Users\MONTER\Documents\theGear\theGear\main.cpp(258,27): warning C4244: 'argument': conversion from 'float' to 'int', possible loss of data
C:\Users\MONTER\Documents\theGear\theGear\main.cpp(274,24): warning C4244: 'argument': conversion from 'float' to 'int', possible loss of data
C:\Users\MONTER\Documents\theGear\theGear\main.cpp(274,16): warning C4244: 'argument': conversion from 'float' to 'int', possible loss of data
C:\Users\MONTER\Documents\theGear\theGear\main.cpp(275,24): warning C4244: 'argument': conversion from 'float' to 'int', possible loss of data
C:\Users\MONTER\Documents\theGear\theGear\main.cpp(275,18): warning C4244: 'argument': conversion from 'float' to 'int', possible loss of data
C:\Users\MONTER\Documents\theGear\theGear\main.cpp(332,20): warning C4244: 'argument': conversion from 'const int' to 'float', possible loss of data
C:\Users\MONTER\Documents\theGear\theGear\main.cpp(332,12): warning C4244: 'argument': conversion from 'const int' to 'float', possible loss of data
C:\Users\MONTER\Documents\theGear\theGear\main.cpp(335,62): warning C4244: 'argument': conversion from 'float' to 'int', possible loss of data
C:\Users\MONTER\Documents\theGear\theGear\main.cpp(335,34): warning C4244: 'argument': conversion from 'float' to 'int', possible loss of data
C:\Users\MONTER\Documents\theGear\theGear\main.cpp(117): warning C4715: 'GetModuleBaseAddress': not all control paths return a value
  theGear.vcxproj -> C:\Users\MONTER\Documents\theGear\Debug\theGear.exe
