  main.cpp
C:\Users\logis\Documents\theGear\theGear\main.cpp(6,1): warning C4005: 'dwLocalPlayer': macro redefinition
C:\Users\logis\Documents\theGear\theGear\Offsets.hpp(119): message : see previous definition of 'dwLocalPlayer'
C:\Users\logis\Documents\theGear\theGear\main.cpp(7,1): warning C4005: 'dwEntityList': macro redefinition
C:\Users\logis\Documents\theGear\theGear\Offsets.hpp(104): message : see previous definition of 'dwEntityList'
C:\Users\logis\Documents\theGear\theGear\main.cpp(8,1): warning C4005: 'm_dwBoneMatrix': macro redefinition
C:\Users\logis\Documents\theGear\theGear\Offsets.hpp(34): message : see previous definition of 'm_dwBoneMatrix'
C:\Users\logis\Documents\theGear\theGear\main.cpp(9,1): warning C4005: 'm_iTeamNum': macro redefinition
C:\Users\logis\Documents\theGear\theGear\Offsets.hpp(73): message : see previous definition of 'm_iTeamNum'
C:\Users\logis\Documents\theGear\theGear\main.cpp(10,1): warning C4005: 'm_iHealth': macro redefinition
C:\Users\logis\Documents\theGear\theGear\Offsets.hpp(66): message : see previous definition of 'm_iHealth'
C:\Users\logis\Documents\theGear\theGear\main.cpp(11,1): warning C4005: 'm_vecOrigin': macro redefinition
C:\Users\logis\Documents\theGear\theGear\Offsets.hpp(84): message : see previous definition of 'm_vecOrigin'
C:\Users\logis\Documents\theGear\theGear\main.cpp(12,1): warning C4005: 'm_bDormant': macro redefinition
C:\Users\logis\Documents\theGear\theGear\Offsets.hpp(138): message : see previous definition of 'm_bDormant'
C:\Users\logis\Documents\theGear\theGear\main.cpp(14,1): warning C4005: 'dwGlowObjectManager': macro redefinition
C:\Users\logis\Documents\theGear\theGear\Offsets.hpp(116): message : see previous definition of 'dwGlowObjectManager'
C:\Users\logis\Documents\theGear\theGear\main.cpp(15,1): warning C4005: 'm_iGlowIndex': macro redefinition
C:\Users\logis\Documents\theGear\theGear\Offsets.hpp(65): message : see previous definition of 'm_iGlowIndex'
C:\Users\logis\Documents\theGear\theGear\main.cpp(149,29): warning C4099: 'Vector3': type name first seen using 'class' now seen using 'struct'
C:\Users\logis\Documents\theGear\theGear\main.cpp(90): message : see declaration of 'Vector3'
C:\Users\logis\Documents\theGear\theGear\main.cpp(149,54): warning C4099: 'Vector3': type name first seen using 'class' now seen using 'struct'
C:\Users\logis\Documents\theGear\theGear\main.cpp(149): message : see declaration of 'Vector3'
C:\Users\logis\Documents\theGear\theGear\main.cpp(151,20): warning C4099: 'Vector3': type name first seen using 'class' now seen using 'struct'
C:\Users\logis\Documents\theGear\theGear\main.cpp(149): message : see declaration of 'Vector3'
C:\Users\logis\Documents\theGear\theGear\main.cpp(170,13): warning C4244: 'return': conversion from 'double' to 'float', possible loss of data
C:\Users\logis\Documents\theGear\theGear\main.cpp(187,39): warning C4244: 'argument': conversion from 'float' to 'int', possible loss of data
C:\Users\logis\Documents\theGear\theGear\main.cpp(187,27): warning C4244: 'argument': conversion from 'float' to 'int', possible loss of data
C:\Users\logis\Documents\theGear\theGear\main.cpp(203,24): warning C4244: 'argument': conversion from 'float' to 'int', possible loss of data
C:\Users\logis\Documents\theGear\theGear\main.cpp(203,16): warning C4244: 'argument': conversion from 'float' to 'int', possible loss of data
C:\Users\logis\Documents\theGear\theGear\main.cpp(204,24): warning C4244: 'argument': conversion from 'float' to 'int', possible loss of data
C:\Users\logis\Documents\theGear\theGear\main.cpp(204,18): warning C4244: 'argument': conversion from 'float' to 'int', possible loss of data
C:\Users\logis\Documents\theGear\theGear\main.cpp(237,20): warning C4244: 'argument': conversion from 'const int' to 'float', possible loss of data
C:\Users\logis\Documents\theGear\theGear\main.cpp(237,12): warning C4244: 'argument': conversion from 'const int' to 'float', possible loss of data
C:\Users\logis\Documents\theGear\theGear\main.cpp(240,62): warning C4244: 'argument': conversion from 'float' to 'int', possible loss of data
C:\Users\logis\Documents\theGear\theGear\main.cpp(240,34): warning C4244: 'argument': conversion from 'float' to 'int', possible loss of data
  Generating code
  2 of 40 functions ( 5.0%) were compiled, the rest were copied from previous compilation.
    0 functions were new in current compilation
    0 functions had inline decision re-evaluated but remain unchanged
  Finished generating code
  theGear.vcxproj -> C:\Users\logis\Documents\theGear\Release\theGear.exe
