  main.cpp
C:\Users\logis\Documents\theGear\theGear\main.cpp(4,9): warning C4067: unexpected tokens following preprocessor directive - expected a newline
C:\Users\logis\Documents\theGear\theGear\main.cpp(6,1): warning C4005: 'dwLocalPlayer': macro redefinition
C:\Users\logis\Documents\theGear\theGear\Offsets.hpp(119): message : see previous definition of 'dwLocalPlayer'
C:\Users\logis\Documents\theGear\theGear\main.cpp(7,1): warning C4005: 'dwEntityList': macro redefinition
C:\Users\logis\Documents\theGear\theGear\Offsets.hpp(104): message : see previous definition of 'dwEntityList'
C:\Users\logis\Documents\theGear\theGear\main.cpp(8,1): warning C4005: 'm_dwBoneMatrix': macro redefinition
C:\Users\logis\Documents\theGear\theGear\Offsets.hpp(34): message : see previous definition of 'm_dwBoneMatrix'
C:\Users\logis\Documents\theGear\theGear\main.cpp(9,1): warning C4005: 'm_iTeamNum': macro redefinition
C:\Users\logis\Documents\theGear\theGear\Offsets.hpp(73): message : see previous definition of 'm_iTeamNum'
C:\Users\logis\Documents\theGear\theGear\main.cpp(10,1): warning C4005: 'm_iHealth': macro redefinition
C:\Users\logis\Documents\theGear\theGear\Offsets.hpp(66): message : see previous definition of 'm_iHealth'
C:\Users\logis\Documents\theGear\theGear\main.cpp(11,1): warning C4005: 'm_vecOrigin': macro redefinition
C:\Users\logis\Documents\theGear\theGear\Offsets.hpp(84): message : see previous definition of 'm_vecOrigin'
C:\Users\logis\Documents\theGear\theGear\main.cpp(12,1): warning C4005: 'm_bDormant': macro redefinition
C:\Users\logis\Documents\theGear\theGear\Offsets.hpp(138): message : see previous definition of 'm_bDormant'
C:\Users\logis\Documents\theGear\theGear\main.cpp(96,29): warning C4099: 'Vector3': type name first seen using 'class' now seen using 'struct'
C:\Users\logis\Documents\theGear\theGear\main.cpp(46): message : see declaration of 'Vector3'
C:\Users\logis\Documents\theGear\theGear\main.cpp(96,54): warning C4099: 'Vector3': type name first seen using 'class' now seen using 'struct'
C:\Users\logis\Documents\theGear\theGear\main.cpp(96): message : see declaration of 'Vector3'
C:\Users\logis\Documents\theGear\theGear\main.cpp(97,20): warning C4099: 'Vector3': type name first seen using 'class' now seen using 'struct'
C:\Users\logis\Documents\theGear\theGear\main.cpp(96): message : see declaration of 'Vector3'
C:\Users\logis\Documents\theGear\theGear\main.cpp(115,13): warning C4244: 'return': conversion from 'double' to 'float', possible loss of data
C:\Users\logis\Documents\theGear\theGear\main.cpp(125,16): warning C4244: 'initializing': conversion from 'uintptr_t' to 'DWORD', possible loss of data
C:\Users\logis\Documents\theGear\theGear\main.cpp(130,39): warning C4244: 'argument': conversion from 'float' to 'int', possible loss of data
C:\Users\logis\Documents\theGear\theGear\main.cpp(130,27): warning C4244: 'argument': conversion from 'float' to 'int', possible loss of data
C:\Users\logis\Documents\theGear\theGear\main.cpp(145,24): warning C4244: 'argument': conversion from 'float' to 'int', possible loss of data
C:\Users\logis\Documents\theGear\theGear\main.cpp(145,16): warning C4244: 'argument': conversion from 'float' to 'int', possible loss of data
C:\Users\logis\Documents\theGear\theGear\main.cpp(146,24): warning C4244: 'argument': conversion from 'float' to 'int', possible loss of data
C:\Users\logis\Documents\theGear\theGear\main.cpp(146,18): warning C4244: 'argument': conversion from 'float' to 'int', possible loss of data
C:\Users\logis\Documents\theGear\theGear\main.cpp(167,20): warning C4244: 'argument': conversion from 'const int' to 'float', possible loss of data
C:\Users\logis\Documents\theGear\theGear\main.cpp(167,12): warning C4244: 'argument': conversion from 'const int' to 'float', possible loss of data
C:\Users\logis\Documents\theGear\theGear\main.cpp(170,56): warning C4244: 'argument': conversion from 'float' to 'int', possible loss of data
C:\Users\logis\Documents\theGear\theGear\main.cpp(170,34): warning C4244: 'argument': conversion from 'float' to 'int', possible loss of data
  Generating code
C:\Users\logis\Documents\theGear\theGear\main.cpp(38): warning C4715: 'GetModuleBaseAddress': not all control paths return a value
  2 of 24 functions ( 8.3%) were compiled, the rest were copied from previous compilation.
    0 functions were new in current compilation
    0 functions had inline decision re-evaluated but remain unchanged
  Finished generating code
  theGear.vcxproj -> C:\Users\logis\Documents\theGear\x64\Release\theGear.exe
