07:28:51 [INFO] Opening target process: csgo.exe
07:28:51 [INFO] Starting signature scanning: 57 items
07:28:51 [INFO] Found signature: dwClientState => 0x58EFE4
07:28:51 [INFO] Found signature: dwClientState_GetLocalPlayer => 0x180
07:28:51 [INFO] Found signature: dwClientState_IsHLTV => 0x4D48
07:28:51 [INFO] Found signature: dwClientState_Map => 0x28C
07:28:51 [INFO] Found signature: dwClientState_MapDirectory => 0x188
07:28:51 [INFO] Found signature: dwClientState_MaxPlayer => 0x388
07:28:51 [INFO] Found signature: dwClientState_PlayerInfo => 0x52C0
07:28:51 [INFO] Found signature: dwClientState_State => 0x108
07:28:51 [INFO] Found signature: dwClientState_ViewAngles => 0x4D90
07:28:51 [INFO] Found signature: clientstate_delta_ticks => 0x174
07:28:51 [INFO] Found signature: clientstate_last_outgoing_command => 0x4D2C
07:28:51 [INFO] Found signature: clientstate_choked_commands => 0x4D30
07:28:51 [INFO] Found signature: clientstate_net_channel => 0x9C
07:28:51 [INFO] Found signature: dwEntityList => 0x4D9FBD4
07:28:51 [INFO] Found signature: dwForceAttack => 0x31D1134
07:28:51 [INFO] Found signature: dwForceAttack2 => 0x31D1140
07:28:51 [INFO] Found signature: dwForceBackward => 0x31D1188
07:28:51 [INFO] Found signature: dwForceForward => 0x31D1194
07:28:51 [INFO] Found signature: dwForceJump => 0x5249B34
07:28:51 [INFO] Found signature: dwForceLeft => 0x31D1110
07:28:51 [INFO] Found signature: dwForceRight => 0x31D1104
07:28:51 [INFO] Found signature: dwGameDir => 0x62D7F8
07:28:51 [INFO] Found signature: dwGameRulesProxy => 0x52BCE2C
07:28:51 [INFO] Found signature: dwGetAllClasses => 0xDAFD74
07:28:51 [INFO] Found signature: dwGlobalVars => 0x58ECE8
07:28:51 [INFO] Found signature: dwGlowObjectManager => 0x52E81B0
07:28:51 [INFO] Found signature: dwInput => 0x51F11B8
07:28:51 [INFO] Found signature: dwInterfaceLinkList => 0x943C54
07:28:51 [INFO] Found signature: dwLocalPlayer => 0xD882BC
07:28:51 [INFO] Found signature: dwMouseEnable => 0xD8DE60
07:28:51 [INFO] Found signature: dwMouseEnablePtr => 0xD8DE30
07:28:51 [INFO] Found signature: dwPlayerResource => 0x31CF490
07:28:51 [INFO] Found signature: dwRadarBase => 0x51D494C
07:28:51 [INFO] Found signature: dwSensitivity => 0xD8DCFC
07:28:51 [INFO] Found signature: dwSensitivityPtr => 0xD8DCD0
07:28:51 [INFO] Found signature: dwSetClanTag => 0x8A1A0
07:28:51 [INFO] Found signature: dwViewMatrix => 0x4D914D4
07:28:51 [INFO] Found signature: dwWeaponTable => 0x51F1C78
07:28:51 [INFO] Found signature: dwWeaponTableIndex => 0x325C
07:28:51 [INFO] Found signature: dwYawPtr => 0xD8DAC0
07:28:51 [INFO] Found signature: dwZoomSensitivityRatioPtr => 0xD92D60
07:28:51 [INFO] Found signature: dwbSendPackets => 0xD723A
07:28:51 [INFO] Found signature: dwppDirect3DDevice9 => 0xA7050
07:28:51 [INFO] Found signature: m_pStudioHdr => 0x294C
07:28:51 [INFO] Found signature: m_yawClassPtr => 0xD8DAC0
07:28:51 [INFO] Found signature: m_pitchClassPtr => 0x51D4BE8
07:28:51 [INFO] Found signature: interface_engine_cvar => 0x3E9EC
07:28:51 [INFO] Found signature: convar_name_hash_table => 0x2F0F8
07:28:51 [INFO] Found signature: m_bDormant => 0xED
07:28:51 [INFO] Found signature: model_ambient_min => 0x59205C
07:28:51 [INFO] Found signature: set_abs_angles => 0x1E05B0
07:28:51 [INFO] Found signature: set_abs_origin => 0x1E03F0
07:28:51 [INFO] Found signature: is_c4_owner => 0x3BACB0
07:28:51 [INFO] Found signature: force_update_spectator_glow => 0x3AE1F2
07:28:51 [INFO] Found signature: anim_overlays => 0x2980
07:28:51 [INFO] Found signature: m_flSpawnTime => 0xA370
07:28:51 [INFO] Found signature: find_hud_element => 0x3335EE80
07:28:51 [INFO] Finished signature scanning: 57/57 items successful
07:28:51 [INFO] Starting netvar scanning: 85 items
07:28:51 [INFO] Found netvar: m_ArmorValue => 0xB378
07:28:51 [INFO] Found netvar: m_Collision => 0x320
07:28:51 [INFO] Found netvar: m_CollisionGroup => 0x474
07:28:51 [INFO] Found netvar: m_Local => 0x2FBC
07:28:51 [INFO] Found netvar: m_MoveType => 0x25B
07:28:51 [INFO] Found netvar: m_OriginalOwnerXuidHigh => 0x31C4
07:28:51 [INFO] Found netvar: m_OriginalOwnerXuidLow => 0x31C0
07:28:51 [INFO] Found netvar: m_aimPunchAngle => 0x302C
07:28:51 [INFO] Found netvar: m_aimPunchAngleVel => 0x3038
07:28:51 [INFO] Found netvar: m_bGunGameImmunity => 0x3944
07:28:51 [INFO] Found netvar: m_bHasDefuser => 0xB388
07:28:51 [INFO] Found netvar: m_bHasHelmet => 0xB36C
07:28:51 [INFO] Found netvar: m_bInReload => 0x3238
07:28:51 [INFO] Found netvar: m_bIsDefusing => 0x3930
07:28:51 [INFO] Found netvar: m_bIsScoped => 0x3928
07:28:51 [INFO] Found netvar: m_bSpotted => 0x93D
07:28:51 [INFO] Found netvar: m_bSpottedByMask => 0x980
07:28:51 [INFO] Found netvar: m_dwBoneMatrix => 0x268C
07:28:51 [INFO] Found netvar: m_fAccuracyPenalty => 0x3330
07:28:51 [INFO] Found netvar: m_fFlags => 0x104
07:28:51 [INFO] Found netvar: m_flFallbackWear => 0x31D0
07:28:51 [INFO] Found netvar: m_flFlashDuration => 0xA420
07:28:51 [INFO] Found netvar: m_flFlashMaxAlpha => 0xA41C
07:28:51 [INFO] Found netvar: m_flNextPrimaryAttack => 0x3238
07:28:51 [INFO] Found netvar: m_hActiveWeapon => 0x2EF8
07:28:51 [INFO] Found netvar: m_hMyWeapons => 0x2EF8
07:28:51 [INFO] Found netvar: m_hObserverTarget => 0x338C
07:28:51 [INFO] Found netvar: m_hOwner => 0x29CC
07:28:51 [INFO] Found netvar: m_hOwnerEntity => 0x14C
07:28:51 [INFO] Found netvar: m_iAccountID => 0x2FC8
07:28:51 [INFO] Found netvar: m_iClip1 => 0x3264
07:28:51 [INFO] Found netvar: m_iCompetitiveRanking => 0x1A84
07:28:51 [INFO] Found netvar: m_iCompetitiveWins => 0x1B88
07:28:51 [INFO] Found netvar: m_iCrosshairId => 0xB388
07:28:51 [INFO] Found netvar: m_iEntityQuality => 0x2FAC
07:28:51 [INFO] Found netvar: m_iFOVStart => 0x31E8
07:28:51 [INFO] Found netvar: m_iFOV => 0x31E4
07:28:51 [INFO] Found netvar: m_iGlowIndex => 0xA420
07:28:51 [INFO] Found netvar: m_iHealth => 0x100
07:28:51 [INFO] Found netvar: m_iItemDefinitionIndex => 0x2FAA
07:28:51 [INFO] Found netvar: m_iItemIDHigh => 0x2FC0
07:28:51 [INFO] Found netvar: m_iObserverMode => 0x3378
07:28:51 [INFO] Found netvar: m_iShotsFired => 0xA390
07:28:51 [INFO] Found netvar: m_iState => 0x3258
07:28:51 [INFO] Found netvar: m_iTeamNum => 0xF4
07:28:51 [INFO] Found netvar: m_lifeState => 0x25F
07:28:51 [INFO] Found netvar: m_nFallbackPaintKit => 0x31C8
07:28:51 [INFO] Found netvar: m_nFallbackSeed => 0x31CC
07:28:51 [INFO] Found netvar: m_nFallbackStatTrak => 0x31D4
07:28:51 [INFO] Found netvar: m_nForceBone => 0x268C
07:28:51 [INFO] Found netvar: m_nTickBase => 0x3430
07:28:51 [INFO] Found netvar: m_rgflCoordinateFrame => 0x474
07:28:51 [INFO] Found netvar: m_szCustomName => 0x303C
07:28:51 [INFO] Found netvar: m_szLastPlaceName => 0x35B4
07:28:51 [INFO] Found netvar: m_vecOrigin => 0x138
07:28:51 [INFO] Found netvar: m_vecVelocity => 0x114
07:28:51 [INFO] Found netvar: m_vecViewOffset => 0x108
07:28:51 [INFO] Found netvar: m_viewPunchAngle => 0x3020
07:28:51 [INFO] Found netvar: m_thirdPersonViewAngles => 0x31D4
07:28:51 [INFO] Found netvar: m_clrRender => 0x70
07:28:51 [INFO] Found netvar: m_flC4Blow => 0x2990
07:28:51 [INFO] Found netvar: m_flTimerLength => 0x2994
07:28:51 [INFO] Found netvar: m_flDefuseLength => 0x29A8
07:28:51 [INFO] Found netvar: m_flDefuseCountDown => 0x29AC
07:28:51 [INFO] Found netvar: cs_gamerules_data => 0x0
07:28:51 [INFO] Found netvar: m_SurvivalRules => 0xD00
07:28:51 [INFO] Found netvar: m_SurvivalGameRuleDecisionTypes => 0x1328
07:28:51 [INFO] Found netvar: m_bIsValveDS => 0x7C
07:28:51 [INFO] Found netvar: m_bFreezePeriod => 0x20
07:28:51 [INFO] Found netvar: m_bBombPlanted => 0x9A5
07:28:51 [INFO] Found netvar: m_bIsQueuedMatchmaking => 0x74
07:28:51 [INFO] Found netvar: m_flSimulationTime => 0x268
07:28:51 [INFO] Found netvar: m_flLowerBodyYawTarget => 0x3A90
07:28:51 [INFO] Found netvar: m_angEyeAnglesX => 0xB37C
07:28:51 [INFO] Found netvar: m_angEyeAnglesY => 0xB380
07:28:51 [INFO] Found netvar: m_flNextAttack => 0x2D70
07:28:51 [INFO] Found netvar: m_iMostRecentModelBoneCounter => 0x268C
07:28:51 [INFO] Found netvar: m_flLastBoneSetupTime => 0x28BC
07:28:51 [INFO] Found netvar: m_bStartedArming => 0x33F0
07:28:51 [INFO] Found netvar: m_bUseCustomBloomScale => 0x9DA
07:28:51 [INFO] Found netvar: m_bUseCustomAutoExposureMin => 0x9D8
07:28:51 [INFO] Found netvar: m_bUseCustomAutoExposureMax => 0x9D9
07:28:51 [INFO] Found netvar: m_flCustomBloomScale => 0x9E4
07:28:51 [INFO] Found netvar: m_flCustomAutoExposureMin => 0x9DC
07:28:51 [INFO] Found netvar: m_flCustomAutoExposureMax => 0x9E0
07:28:51 [INFO] Finished netvar scanning: 85/85 items successful
07:19:58 [INFO] Opening target process: csgo.exe
07:19:58 [INFO] Starting signature scanning: 57 items
07:19:58 [INFO] Found signature: dwClientState => 0x58EFE4
07:19:58 [INFO] Found signature: dwClientState_GetLocalPlayer => 0x180
07:19:58 [INFO] Found signature: dwClientState_IsHLTV => 0x4D48
07:19:58 [INFO] Found signature: dwClientState_Map => 0x28C
07:19:58 [INFO] Found signature: dwClientState_MapDirectory => 0x188
07:19:58 [INFO] Found signature: dwClientState_MaxPlayer => 0x388
07:19:58 [INFO] Found signature: dwClientState_PlayerInfo => 0x52C0
07:19:58 [INFO] Found signature: dwClientState_State => 0x108
07:19:58 [INFO] Found signature: dwClientState_ViewAngles => 0x4D90
07:19:58 [INFO] Found signature: clientstate_delta_ticks => 0x174
07:19:58 [INFO] Found signature: clientstate_last_outgoing_command => 0x4D2C
07:19:58 [INFO] Found signature: clientstate_choked_commands => 0x4D30
07:19:58 [INFO] Found signature: clientstate_net_channel => 0x9C
07:19:58 [INFO] Found signature: dwEntityList => 0x4D9FBD4
07:19:58 [INFO] Found signature: dwForceAttack => 0x31D1134
07:19:58 [INFO] Found signature: dwForceAttack2 => 0x31D1140
07:19:58 [INFO] Found signature: dwForceBackward => 0x31D1188
07:19:58 [INFO] Found signature: dwForceForward => 0x31D1194
07:19:58 [INFO] Found signature: dwForceJump => 0x5249B34
07:19:58 [INFO] Found signature: dwForceLeft => 0x31D1110
07:19:58 [INFO] Found signature: dwForceRight => 0x31D1104
07:19:58 [INFO] Found signature: dwGameDir => 0x62D7F8
07:19:58 [INFO] Found signature: dwGameRulesProxy => 0x52BCE2C
07:19:58 [INFO] Found signature: dwGetAllClasses => 0xDAFD74
07:19:58 [INFO] Found signature: dwGlobalVars => 0x58ECE8
07:19:58 [INFO] Found signature: dwGlowObjectManager => 0x52E81B0
07:19:58 [INFO] Found signature: dwInput => 0x51F11B8
07:19:58 [INFO] Found signature: dwInterfaceLinkList => 0x943C54
07:19:58 [INFO] Found signature: dwLocalPlayer => 0xD882BC
07:19:58 [INFO] Found signature: dwMouseEnable => 0xD8DE60
07:19:58 [INFO] Found signature: dwMouseEnablePtr => 0xD8DE30
07:19:58 [INFO] Found signature: dwPlayerResource => 0x31CF490
07:19:58 [INFO] Found signature: dwRadarBase => 0x51D494C
07:19:58 [INFO] Found signature: dwSensitivity => 0xD8DCFC
07:19:58 [INFO] Found signature: dwSensitivityPtr => 0xD8DCD0
07:19:58 [INFO] Found signature: dwSetClanTag => 0x8A1A0
07:19:58 [INFO] Found signature: dwViewMatrix => 0x4D914D4
07:19:58 [INFO] Found signature: dwWeaponTable => 0x51F1C78
07:19:58 [INFO] Found signature: dwWeaponTableIndex => 0x325C
07:19:58 [INFO] Found signature: dwYawPtr => 0xD8DAC0
07:19:58 [INFO] Found signature: dwZoomSensitivityRatioPtr => 0xD92D60
07:19:58 [INFO] Found signature: dwbSendPackets => 0xD723A
07:19:58 [INFO] Found signature: dwppDirect3DDevice9 => 0xA7050
07:19:58 [INFO] Found signature: m_pStudioHdr => 0x294C
07:19:58 [INFO] Found signature: m_yawClassPtr => 0xD8DAC0
07:19:58 [INFO] Found signature: m_pitchClassPtr => 0x51D4BE8
07:19:58 [INFO] Found signature: interface_engine_cvar => 0x3E9EC
07:19:58 [INFO] Found signature: convar_name_hash_table => 0x2F0F8
07:19:58 [INFO] Found signature: m_bDormant => 0xED
07:19:58 [INFO] Found signature: model_ambient_min => 0x59205C
07:19:58 [INFO] Found signature: set_abs_angles => 0x1E05B0
07:19:58 [INFO] Found signature: set_abs_origin => 0x1E03F0
07:19:58 [INFO] Found signature: is_c4_owner => 0x3BACB0
07:19:58 [INFO] Found signature: force_update_spectator_glow => 0x3AE1F2
07:19:58 [INFO] Found signature: anim_overlays => 0x2980
07:19:58 [INFO] Found signature: m_flSpawnTime => 0xA370
07:19:58 [INFO] Found signature: find_hud_element => 0x3281EE80
07:19:58 [INFO] Finished signature scanning: 57/57 items successful
07:19:58 [INFO] Starting netvar scanning: 85 items
07:19:58 [INFO] Found netvar: m_ArmorValue => 0xB378
07:19:58 [INFO] Found netvar: m_Collision => 0x320
07:19:58 [INFO] Found netvar: m_CollisionGroup => 0x474
07:19:58 [INFO] Found netvar: m_Local => 0x2FBC
07:19:58 [INFO] Found netvar: m_MoveType => 0x25B
07:19:58 [INFO] Found netvar: m_OriginalOwnerXuidHigh => 0x31C4
07:19:58 [INFO] Found netvar: m_OriginalOwnerXuidLow => 0x31C0
07:19:58 [INFO] Found netvar: m_aimPunchAngle => 0x302C
07:19:58 [INFO] Found netvar: m_aimPunchAngleVel => 0x3038
07:19:58 [INFO] Found netvar: m_bGunGameImmunity => 0x3944
07:19:58 [INFO] Found netvar: m_bHasDefuser => 0xB388
07:19:58 [INFO] Found netvar: m_bHasHelmet => 0xB36C
07:19:58 [INFO] Found netvar: m_bInReload => 0x3238
07:19:58 [INFO] Found netvar: m_bIsDefusing => 0x3930
07:19:58 [INFO] Found netvar: m_bIsScoped => 0x3928
07:19:58 [INFO] Found netvar: m_bSpotted => 0x93D
07:19:58 [INFO] Found netvar: m_bSpottedByMask => 0x980
07:19:58 [INFO] Found netvar: m_dwBoneMatrix => 0x268C
07:19:58 [INFO] Found netvar: m_fAccuracyPenalty => 0x3330
07:19:58 [INFO] Found netvar: m_fFlags => 0x104
07:19:58 [INFO] Found netvar: m_flFallbackWear => 0x31D0
07:19:58 [INFO] Found netvar: m_flFlashDuration => 0xA420
07:19:58 [INFO] Found netvar: m_flFlashMaxAlpha => 0xA41C
07:19:58 [INFO] Found netvar: m_flNextPrimaryAttack => 0x3238
07:19:58 [INFO] Found netvar: m_hActiveWeapon => 0x2EF8
07:19:58 [INFO] Found netvar: m_hMyWeapons => 0x2EF8
07:19:58 [INFO] Found netvar: m_hObserverTarget => 0x338C
07:19:58 [INFO] Found netvar: m_hOwner => 0x29CC
07:19:58 [INFO] Found netvar: m_hOwnerEntity => 0x14C
07:19:58 [INFO] Found netvar: m_iAccountID => 0x2FC8
07:19:58 [INFO] Found netvar: m_iClip1 => 0x3264
07:19:58 [INFO] Found netvar: m_iCompetitiveRanking => 0x1A84
07:19:58 [INFO] Found netvar: m_iCompetitiveWins => 0x1B88
07:19:58 [INFO] Found netvar: m_iCrosshairId => 0xB388
07:19:58 [INFO] Found netvar: m_iEntityQuality => 0x2FAC
07:19:58 [INFO] Found netvar: m_iFOVStart => 0x31E8
07:19:58 [INFO] Found netvar: m_iFOV => 0x31E4
07:19:58 [INFO] Found netvar: m_iGlowIndex => 0xA420
07:19:58 [INFO] Found netvar: m_iHealth => 0x100
07:19:58 [INFO] Found netvar: m_iItemDefinitionIndex => 0x2FAA
07:19:58 [INFO] Found netvar: m_iItemIDHigh => 0x2FC0
07:19:58 [INFO] Found netvar: m_iObserverMode => 0x3378
07:19:58 [INFO] Found netvar: m_iShotsFired => 0xA390
07:19:58 [INFO] Found netvar: m_iState => 0x3258
07:19:58 [INFO] Found netvar: m_iTeamNum => 0xF4
07:19:58 [INFO] Found netvar: m_lifeState => 0x25F
07:19:58 [INFO] Found netvar: m_nFallbackPaintKit => 0x31C8
07:19:58 [INFO] Found netvar: m_nFallbackSeed => 0x31CC
07:19:58 [INFO] Found netvar: m_nFallbackStatTrak => 0x31D4
07:19:58 [INFO] Found netvar: m_nForceBone => 0x268C
07:19:58 [INFO] Found netvar: m_nTickBase => 0x3430
07:19:58 [INFO] Found netvar: m_rgflCoordinateFrame => 0x474
07:19:58 [INFO] Found netvar: m_szCustomName => 0x303C
07:19:58 [INFO] Found netvar: m_szLastPlaceName => 0x35B4
07:19:58 [INFO] Found netvar: m_vecOrigin => 0x138
07:19:58 [INFO] Found netvar: m_vecVelocity => 0x114
07:19:58 [INFO] Found netvar: m_vecViewOffset => 0x108
07:19:58 [INFO] Found netvar: m_viewPunchAngle => 0x3020
07:19:58 [INFO] Found netvar: m_thirdPersonViewAngles => 0x31D4
07:19:58 [INFO] Found netvar: m_clrRender => 0x70
07:19:58 [INFO] Found netvar: m_flC4Blow => 0x2990
07:19:58 [INFO] Found netvar: m_flTimerLength => 0x2994
07:19:58 [INFO] Found netvar: m_flDefuseLength => 0x29A8
07:19:58 [INFO] Found netvar: m_flDefuseCountDown => 0x29AC
07:19:58 [INFO] Found netvar: cs_gamerules_data => 0x0
07:19:58 [INFO] Found netvar: m_SurvivalRules => 0xD00
07:19:58 [INFO] Found netvar: m_SurvivalGameRuleDecisionTypes => 0x1328
07:19:58 [INFO] Found netvar: m_bIsValveDS => 0x7C
07:19:58 [INFO] Found netvar: m_bFreezePeriod => 0x20
07:19:58 [INFO] Found netvar: m_bBombPlanted => 0x9A5
07:19:58 [INFO] Found netvar: m_bIsQueuedMatchmaking => 0x74
07:19:58 [INFO] Found netvar: m_flSimulationTime => 0x268
07:19:58 [INFO] Found netvar: m_flLowerBodyYawTarget => 0x3A90
07:19:58 [INFO] Found netvar: m_angEyeAnglesX => 0xB37C
07:19:58 [INFO] Found netvar: m_angEyeAnglesY => 0xB380
07:19:58 [INFO] Found netvar: m_flNextAttack => 0x2D70
07:19:58 [INFO] Found netvar: m_iMostRecentModelBoneCounter => 0x268C
07:19:58 [INFO] Found netvar: m_flLastBoneSetupTime => 0x28BC
07:19:58 [INFO] Found netvar: m_bStartedArming => 0x33F0
07:19:58 [INFO] Found netvar: m_bUseCustomBloomScale => 0x9DA
07:19:58 [INFO] Found netvar: m_bUseCustomAutoExposureMin => 0x9D8
07:19:58 [INFO] Found netvar: m_bUseCustomAutoExposureMax => 0x9D9
07:19:58 [INFO] Found netvar: m_flCustomBloomScale => 0x9E4
07:19:58 [INFO] Found netvar: m_flCustomAutoExposureMin => 0x9DC
07:19:58 [INFO] Found netvar: m_flCustomAutoExposureMax => 0x9E0
07:19:58 [INFO] Finished netvar scanning: 85/85 items successful
07:28:13 [INFO] Opening target process: csgo.exe
07:28:13 [INFO] Starting signature scanning: 57 items
07:28:13 [INFO] Found signature: dwClientState => 0x58EFE4
07:28:13 [INFO] Found signature: dwClientState_GetLocalPlayer => 0x180
07:28:13 [INFO] Found signature: dwClientState_IsHLTV => 0x4D48
07:28:13 [INFO] Found signature: dwClientState_Map => 0x28C
07:28:13 [INFO] Found signature: dwClientState_MapDirectory => 0x188
07:28:13 [INFO] Found signature: dwClientState_MaxPlayer => 0x388
07:28:13 [INFO] Found signature: dwClientState_PlayerInfo => 0x52C0
07:28:13 [INFO] Found signature: dwClientState_State => 0x108
07:28:13 [INFO] Found signature: dwClientState_ViewAngles => 0x4D90
07:28:13 [INFO] Found signature: clientstate_delta_ticks => 0x174
07:28:13 [INFO] Found signature: clientstate_last_outgoing_command => 0x4D2C
07:28:13 [INFO] Found signature: clientstate_choked_commands => 0x4D30
07:28:13 [INFO] Found signature: clientstate_net_channel => 0x9C
07:28:13 [INFO] Found signature: dwEntityList => 0x4D9FBD4
07:28:13 [INFO] Found signature: dwForceAttack => 0x31D1134
07:28:13 [INFO] Found signature: dwForceAttack2 => 0x31D1140
07:28:13 [INFO] Found signature: dwForceBackward => 0x31D1188
07:28:13 [INFO] Found signature: dwForceForward => 0x31D1194
07:28:13 [INFO] Found signature: dwForceJump => 0x5249B34
07:28:13 [INFO] Found signature: dwForceLeft => 0x31D1110
07:28:13 [INFO] Found signature: dwForceRight => 0x31D1104
07:28:13 [INFO] Found signature: dwGameDir => 0x62D7F8
07:28:13 [INFO] Found signature: dwGameRulesProxy => 0x52BCE2C
07:28:13 [INFO] Found signature: dwGetAllClasses => 0xDAFD74
07:28:13 [INFO] Found signature: dwGlobalVars => 0x58ECE8
07:28:13 [INFO] Found signature: dwGlowObjectManager => 0x52E81B0
07:28:13 [INFO] Found signature: dwInput => 0x51F11B8
07:28:13 [INFO] Found signature: dwInterfaceLinkList => 0x943C54
07:28:13 [INFO] Found signature: dwLocalPlayer => 0xD882BC
07:28:13 [INFO] Found signature: dwMouseEnable => 0xD8DE60
07:28:13 [INFO] Found signature: dwMouseEnablePtr => 0xD8DE30
07:28:13 [INFO] Found signature: dwPlayerResource => 0x31CF490
07:28:13 [INFO] Found signature: dwRadarBase => 0x51D494C
07:28:13 [INFO] Found signature: dwSensitivity => 0xD8DCFC
07:28:13 [INFO] Found signature: dwSensitivityPtr => 0xD8DCD0
07:28:13 [INFO] Found signature: dwSetClanTag => 0x8A1A0
07:28:13 [INFO] Found signature: dwViewMatrix => 0x4D914D4
07:28:13 [INFO] Found signature: dwWeaponTable => 0x51F1C78
07:28:13 [INFO] Found signature: dwWeaponTableIndex => 0x325C
07:28:13 [INFO] Found signature: dwYawPtr => 0xD8DAC0
07:28:13 [INFO] Found signature: dwZoomSensitivityRatioPtr => 0xD92D60
07:28:13 [INFO] Found signature: dwbSendPackets => 0xD723A
07:28:13 [INFO] Found signature: dwppDirect3DDevice9 => 0xA7050
07:28:13 [INFO] Found signature: m_pStudioHdr => 0x294C
07:28:13 [INFO] Found signature: m_yawClassPtr => 0xD8DAC0
07:28:13 [INFO] Found signature: m_pitchClassPtr => 0x51D4BE8
07:28:13 [INFO] Found signature: interface_engine_cvar => 0x3E9EC
07:28:13 [INFO] Found signature: convar_name_hash_table => 0x2F0F8
07:28:13 [INFO] Found signature: m_bDormant => 0xED
07:28:13 [INFO] Found signature: model_ambient_min => 0x59205C
07:28:13 [INFO] Found signature: set_abs_angles => 0x1E05B0
07:28:13 [INFO] Found signature: set_abs_origin => 0x1E03F0
07:28:13 [INFO] Found signature: is_c4_owner => 0x3BACB0
07:28:13 [INFO] Found signature: force_update_spectator_glow => 0x3AE1F2
07:28:13 [INFO] Found signature: anim_overlays => 0x2980
07:28:13 [INFO] Found signature: m_flSpawnTime => 0xA370
07:28:13 [INFO] Found signature: find_hud_element => 0x3281EE80
07:28:13 [INFO] Finished signature scanning: 57/57 items successful
07:28:13 [INFO] Starting netvar scanning: 85 items
07:28:13 [INFO] Found netvar: m_ArmorValue => 0xB378
07:28:13 [INFO] Found netvar: m_Collision => 0x320
07:28:13 [INFO] Found netvar: m_CollisionGroup => 0x474
07:28:13 [INFO] Found netvar: m_Local => 0x2FBC
07:28:13 [INFO] Found netvar: m_MoveType => 0x25B
07:28:13 [INFO] Found netvar: m_OriginalOwnerXuidHigh => 0x31C4
07:28:13 [INFO] Found netvar: m_OriginalOwnerXuidLow => 0x31C0
07:28:13 [INFO] Found netvar: m_aimPunchAngle => 0x302C
07:28:13 [INFO] Found netvar: m_aimPunchAngleVel => 0x3038
07:28:13 [INFO] Found netvar: m_bGunGameImmunity => 0x3944
07:28:13 [INFO] Found netvar: m_bHasDefuser => 0xB388
07:28:13 [INFO] Found netvar: m_bHasHelmet => 0xB36C
07:28:13 [INFO] Found netvar: m_bInReload => 0x3238
07:28:13 [INFO] Found netvar: m_bIsDefusing => 0x3930
07:28:13 [INFO] Found netvar: m_bIsScoped => 0x3928
07:28:13 [INFO] Found netvar: m_bSpotted => 0x93D
07:28:13 [INFO] Found netvar: m_bSpottedByMask => 0x980
07:28:13 [INFO] Found netvar: m_dwBoneMatrix => 0x268C
07:28:13 [INFO] Found netvar: m_fAccuracyPenalty => 0x3330
07:28:13 [INFO] Found netvar: m_fFlags => 0x104
07:28:13 [INFO] Found netvar: m_flFallbackWear => 0x31D0
07:28:13 [INFO] Found netvar: m_flFlashDuration => 0xA420
07:28:13 [INFO] Found netvar: m_flFlashMaxAlpha => 0xA41C
07:28:13 [INFO] Found netvar: m_flNextPrimaryAttack => 0x3238
07:28:13 [INFO] Found netvar: m_hActiveWeapon => 0x2EF8
07:28:13 [INFO] Found netvar: m_hMyWeapons => 0x2EF8
07:28:13 [INFO] Found netvar: m_hObserverTarget => 0x338C
07:28:13 [INFO] Found netvar: m_hOwner => 0x29CC
07:28:13 [INFO] Found netvar: m_hOwnerEntity => 0x14C
07:28:13 [INFO] Found netvar: m_iAccountID => 0x2FC8
07:28:13 [INFO] Found netvar: m_iClip1 => 0x3264
07:28:13 [INFO] Found netvar: m_iCompetitiveRanking => 0x1A84
07:28:13 [INFO] Found netvar: m_iCompetitiveWins => 0x1B88
07:28:13 [INFO] Found netvar: m_iCrosshairId => 0xB388
07:28:13 [INFO] Found netvar: m_iEntityQuality => 0x2FAC
07:28:13 [INFO] Found netvar: m_iFOVStart => 0x31E8
07:28:13 [INFO] Found netvar: m_iFOV => 0x31E4
07:28:13 [INFO] Found netvar: m_iGlowIndex => 0xA420
07:28:13 [INFO] Found netvar: m_iHealth => 0x100
07:28:13 [INFO] Found netvar: m_iItemDefinitionIndex => 0x2FAA
07:28:13 [INFO] Found netvar: m_iItemIDHigh => 0x2FC0
07:28:13 [INFO] Found netvar: m_iObserverMode => 0x3378
07:28:13 [INFO] Found netvar: m_iShotsFired => 0xA390
07:28:13 [INFO] Found netvar: m_iState => 0x3258
07:28:13 [INFO] Found netvar: m_iTeamNum => 0xF4
07:28:13 [INFO] Found netvar: m_lifeState => 0x25F
07:28:13 [INFO] Found netvar: m_nFallbackPaintKit => 0x31C8
07:28:13 [INFO] Found netvar: m_nFallbackSeed => 0x31CC
07:28:13 [INFO] Found netvar: m_nFallbackStatTrak => 0x31D4
07:28:13 [INFO] Found netvar: m_nForceBone => 0x268C
07:28:13 [INFO] Found netvar: m_nTickBase => 0x3430
07:28:13 [INFO] Found netvar: m_rgflCoordinateFrame => 0x474
07:28:13 [INFO] Found netvar: m_szCustomName => 0x303C
07:28:13 [INFO] Found netvar: m_szLastPlaceName => 0x35B4
07:28:13 [INFO] Found netvar: m_vecOrigin => 0x138
07:28:13 [INFO] Found netvar: m_vecVelocity => 0x114
07:28:13 [INFO] Found netvar: m_vecViewOffset => 0x108
07:28:13 [INFO] Found netvar: m_viewPunchAngle => 0x3020
07:28:13 [INFO] Found netvar: m_thirdPersonViewAngles => 0x31D4
07:28:13 [INFO] Found netvar: m_clrRender => 0x70
07:28:13 [INFO] Found netvar: m_flC4Blow => 0x2990
07:28:13 [INFO] Found netvar: m_flTimerLength => 0x2994
07:28:13 [INFO] Found netvar: m_flDefuseLength => 0x29A8
07:28:13 [INFO] Found netvar: m_flDefuseCountDown => 0x29AC
07:28:13 [INFO] Found netvar: cs_gamerules_data => 0x0
07:28:13 [INFO] Found netvar: m_SurvivalRules => 0xD00
07:28:13 [INFO] Found netvar: m_SurvivalGameRuleDecisionTypes => 0x1328
07:28:13 [INFO] Found netvar: m_bIsValveDS => 0x7C
07:28:13 [INFO] Found netvar: m_bFreezePeriod => 0x20
07:28:13 [INFO] Found netvar: m_bBombPlanted => 0x9A5
07:28:13 [INFO] Found netvar: m_bIsQueuedMatchmaking => 0x74
07:28:13 [INFO] Found netvar: m_flSimulationTime => 0x268
07:28:13 [INFO] Found netvar: m_flLowerBodyYawTarget => 0x3A90
07:28:13 [INFO] Found netvar: m_angEyeAnglesX => 0xB37C
07:28:13 [INFO] Found netvar: m_angEyeAnglesY => 0xB380
07:28:13 [INFO] Found netvar: m_flNextAttack => 0x2D70
07:28:13 [INFO] Found netvar: m_iMostRecentModelBoneCounter => 0x268C
07:28:13 [INFO] Found netvar: m_flLastBoneSetupTime => 0x28BC
07:28:13 [INFO] Found netvar: m_bStartedArming => 0x33F0
07:28:13 [INFO] Found netvar: m_bUseCustomBloomScale => 0x9DA
07:28:13 [INFO] Found netvar: m_bUseCustomAutoExposureMin => 0x9D8
07:28:13 [INFO] Found netvar: m_bUseCustomAutoExposureMax => 0x9D9
07:28:13 [INFO] Found netvar: m_flCustomBloomScale => 0x9E4
07:28:13 [INFO] Found netvar: m_flCustomAutoExposureMin => 0x9DC
07:28:13 [INFO] Found netvar: m_flCustomAutoExposureMax => 0x9E0
07:28:13 [INFO] Finished netvar scanning: 85/85 items successful
07:28:24 [INFO] Opening target process: csgo.exe
07:28:24 [INFO] Starting signature scanning: 57 items
07:28:24 [INFO] Found signature: dwClientState => 0x58EFE4
07:28:24 [INFO] Found signature: dwClientState_GetLocalPlayer => 0x180
07:28:24 [INFO] Found signature: dwClientState_IsHLTV => 0x4D48
07:28:24 [INFO] Found signature: dwClientState_Map => 0x28C
07:28:24 [INFO] Found signature: dwClientState_MapDirectory => 0x188
07:28:24 [INFO] Found signature: dwClientState_MaxPlayer => 0x388
07:28:24 [INFO] Found signature: dwClientState_PlayerInfo => 0x52C0
07:28:24 [INFO] Found signature: dwClientState_State => 0x108
07:28:24 [INFO] Found signature: dwClientState_ViewAngles => 0x4D90
07:28:24 [INFO] Found signature: clientstate_delta_ticks => 0x174
07:28:24 [INFO] Found signature: clientstate_last_outgoing_command => 0x4D2C
07:28:24 [INFO] Found signature: clientstate_choked_commands => 0x4D30
07:28:24 [INFO] Found signature: clientstate_net_channel => 0x9C
07:28:24 [INFO] Found signature: dwEntityList => 0x4D9FBD4
07:28:24 [INFO] Found signature: dwForceAttack => 0x31D1134
07:28:24 [INFO] Found signature: dwForceAttack2 => 0x31D1140
07:28:24 [INFO] Found signature: dwForceBackward => 0x31D1188
07:28:24 [INFO] Found signature: dwForceForward => 0x31D1194
07:28:24 [INFO] Found signature: dwForceJump => 0x5249B34
07:28:24 [INFO] Found signature: dwForceLeft => 0x31D1110
07:28:24 [INFO] Found signature: dwForceRight => 0x31D1104
07:28:24 [INFO] Found signature: dwGameDir => 0x62D7F8
07:28:24 [INFO] Found signature: dwGameRulesProxy => 0x52BCE2C
07:28:24 [INFO] Found signature: dwGetAllClasses => 0xDAFD74
07:28:24 [INFO] Found signature: dwGlobalVars => 0x58ECE8
07:28:24 [INFO] Found signature: dwGlowObjectManager => 0x52E81B0
07:28:24 [INFO] Found signature: dwInput => 0x51F11B8
07:28:24 [INFO] Found signature: dwInterfaceLinkList => 0x943C54
07:28:24 [INFO] Found signature: dwLocalPlayer => 0xD882BC
07:28:24 [INFO] Found signature: dwMouseEnable => 0xD8DE60
07:28:24 [INFO] Found signature: dwMouseEnablePtr => 0xD8DE30
07:28:24 [INFO] Found signature: dwPlayerResource => 0x31CF490
07:28:24 [INFO] Found signature: dwRadarBase => 0x51D494C
07:28:24 [INFO] Found signature: dwSensitivity => 0xD8DCFC
07:28:24 [INFO] Found signature: dwSensitivityPtr => 0xD8DCD0
07:28:24 [INFO] Found signature: dwSetClanTag => 0x8A1A0
07:28:24 [INFO] Found signature: dwViewMatrix => 0x4D914D4
07:28:24 [INFO] Found signature: dwWeaponTable => 0x51F1C78
07:28:24 [INFO] Found signature: dwWeaponTableIndex => 0x325C
07:28:24 [INFO] Found signature: dwYawPtr => 0xD8DAC0
07:28:24 [INFO] Found signature: dwZoomSensitivityRatioPtr => 0xD92D60
07:28:24 [INFO] Found signature: dwbSendPackets => 0xD723A
07:28:24 [INFO] Found signature: dwppDirect3DDevice9 => 0xA7050
07:28:24 [INFO] Found signature: m_pStudioHdr => 0x294C
07:28:24 [INFO] Found signature: m_yawClassPtr => 0xD8DAC0
07:28:24 [INFO] Found signature: m_pitchClassPtr => 0x51D4BE8
07:28:24 [INFO] Found signature: interface_engine_cvar => 0x3E9EC
07:28:24 [INFO] Found signature: convar_name_hash_table => 0x2F0F8
07:28:24 [INFO] Found signature: m_bDormant => 0xED
07:28:24 [INFO] Found signature: model_ambient_min => 0x59205C
07:28:24 [INFO] Found signature: set_abs_angles => 0x1E05B0
07:28:24 [INFO] Found signature: set_abs_origin => 0x1E03F0
07:28:24 [INFO] Found signature: is_c4_owner => 0x3BACB0
07:28:24 [INFO] Found signature: force_update_spectator_glow => 0x3AE1F2
07:28:24 [INFO] Found signature: anim_overlays => 0x2980
07:28:24 [INFO] Found signature: m_flSpawnTime => 0xA370
07:28:24 [INFO] Found signature: find_hud_element => 0x3281EE80
07:28:24 [INFO] Finished signature scanning: 57/57 items successful
07:28:24 [INFO] Starting netvar scanning: 85 items
07:28:24 [INFO] Found netvar: m_ArmorValue => 0xB378
07:28:24 [INFO] Found netvar: m_Collision => 0x320
07:28:24 [INFO] Found netvar: m_CollisionGroup => 0x474
07:28:24 [INFO] Found netvar: m_Local => 0x2FBC
07:28:24 [INFO] Found netvar: m_MoveType => 0x25B
07:28:24 [INFO] Found netvar: m_OriginalOwnerXuidHigh => 0x31C4
07:28:24 [INFO] Found netvar: m_OriginalOwnerXuidLow => 0x31C0
07:28:24 [INFO] Found netvar: m_aimPunchAngle => 0x302C
07:28:24 [INFO] Found netvar: m_aimPunchAngleVel => 0x3038
07:28:24 [INFO] Found netvar: m_bGunGameImmunity => 0x3944
07:28:24 [INFO] Found netvar: m_bHasDefuser => 0xB388
07:28:24 [INFO] Found netvar: m_bHasHelmet => 0xB36C
07:28:24 [INFO] Found netvar: m_bInReload => 0x3238
07:28:24 [INFO] Found netvar: m_bIsDefusing => 0x3930
07:28:24 [INFO] Found netvar: m_bIsScoped => 0x3928
07:28:24 [INFO] Found netvar: m_bSpotted => 0x93D
07:28:24 [INFO] Found netvar: m_bSpottedByMask => 0x980
07:28:24 [INFO] Found netvar: m_dwBoneMatrix => 0x268C
07:28:24 [INFO] Found netvar: m_fAccuracyPenalty => 0x3330
07:28:24 [INFO] Found netvar: m_fFlags => 0x104
07:28:24 [INFO] Found netvar: m_flFallbackWear => 0x31D0
07:28:24 [INFO] Found netvar: m_flFlashDuration => 0xA420
07:28:24 [INFO] Found netvar: m_flFlashMaxAlpha => 0xA41C
07:28:24 [INFO] Found netvar: m_flNextPrimaryAttack => 0x3238
07:28:24 [INFO] Found netvar: m_hActiveWeapon => 0x2EF8
07:28:24 [INFO] Found netvar: m_hMyWeapons => 0x2EF8
07:28:24 [INFO] Found netvar: m_hObserverTarget => 0x338C
07:28:24 [INFO] Found netvar: m_hOwner => 0x29CC
07:28:24 [INFO] Found netvar: m_hOwnerEntity => 0x14C
07:28:24 [INFO] Found netvar: m_iAccountID => 0x2FC8
07:28:24 [INFO] Found netvar: m_iClip1 => 0x3264
07:28:24 [INFO] Found netvar: m_iCompetitiveRanking => 0x1A84
07:28:24 [INFO] Found netvar: m_iCompetitiveWins => 0x1B88
07:28:24 [INFO] Found netvar: m_iCrosshairId => 0xB388
07:28:24 [INFO] Found netvar: m_iEntityQuality => 0x2FAC
07:28:24 [INFO] Found netvar: m_iFOVStart => 0x31E8
07:28:24 [INFO] Found netvar: m_iFOV => 0x31E4
07:28:24 [INFO] Found netvar: m_iGlowIndex => 0xA420
07:28:24 [INFO] Found netvar: m_iHealth => 0x100
07:28:24 [INFO] Found netvar: m_iItemDefinitionIndex => 0x2FAA
07:28:24 [INFO] Found netvar: m_iItemIDHigh => 0x2FC0
07:28:24 [INFO] Found netvar: m_iObserverMode => 0x3378
07:28:24 [INFO] Found netvar: m_iShotsFired => 0xA390
07:28:24 [INFO] Found netvar: m_iState => 0x3258
07:28:24 [INFO] Found netvar: m_iTeamNum => 0xF4
07:28:24 [INFO] Found netvar: m_lifeState => 0x25F
07:28:24 [INFO] Found netvar: m_nFallbackPaintKit => 0x31C8
07:28:24 [INFO] Found netvar: m_nFallbackSeed => 0x31CC
07:28:24 [INFO] Found netvar: m_nFallbackStatTrak => 0x31D4
07:28:24 [INFO] Found netvar: m_nForceBone => 0x268C
07:28:24 [INFO] Found netvar: m_nTickBase => 0x3430
07:28:24 [INFO] Found netvar: m_rgflCoordinateFrame => 0x474
07:28:24 [INFO] Found netvar: m_szCustomName => 0x303C
07:28:24 [INFO] Found netvar: m_szLastPlaceName => 0x35B4
07:28:24 [INFO] Found netvar: m_vecOrigin => 0x138
07:28:24 [INFO] Found netvar: m_vecVelocity => 0x114
07:28:24 [INFO] Found netvar: m_vecViewOffset => 0x108
07:28:24 [INFO] Found netvar: m_viewPunchAngle => 0x3020
07:28:24 [INFO] Found netvar: m_thirdPersonViewAngles => 0x31D4
07:28:24 [INFO] Found netvar: m_clrRender => 0x70
07:28:24 [INFO] Found netvar: m_flC4Blow => 0x2990
07:28:24 [INFO] Found netvar: m_flTimerLength => 0x2994
07:28:24 [INFO] Found netvar: m_flDefuseLength => 0x29A8
07:28:24 [INFO] Found netvar: m_flDefuseCountDown => 0x29AC
07:28:24 [INFO] Found netvar: cs_gamerules_data => 0x0
07:28:24 [INFO] Found netvar: m_SurvivalRules => 0xD00
07:28:24 [INFO] Found netvar: m_SurvivalGameRuleDecisionTypes => 0x1328
07:28:24 [INFO] Found netvar: m_bIsValveDS => 0x7C
07:28:24 [INFO] Found netvar: m_bFreezePeriod => 0x20
07:28:24 [INFO] Found netvar: m_bBombPlanted => 0x9A5
07:28:24 [INFO] Found netvar: m_bIsQueuedMatchmaking => 0x74
07:28:24 [INFO] Found netvar: m_flSimulationTime => 0x268
07:28:24 [INFO] Found netvar: m_flLowerBodyYawTarget => 0x3A90
07:28:24 [INFO] Found netvar: m_angEyeAnglesX => 0xB37C
07:28:24 [INFO] Found netvar: m_angEyeAnglesY => 0xB380
07:28:24 [INFO] Found netvar: m_flNextAttack => 0x2D70
07:28:24 [INFO] Found netvar: m_iMostRecentModelBoneCounter => 0x268C
07:28:24 [INFO] Found netvar: m_flLastBoneSetupTime => 0x28BC
07:28:24 [INFO] Found netvar: m_bStartedArming => 0x33F0
07:28:24 [INFO] Found netvar: m_bUseCustomBloomScale => 0x9DA
07:28:24 [INFO] Found netvar: m_bUseCustomAutoExposureMin => 0x9D8
07:28:24 [INFO] Found netvar: m_bUseCustomAutoExposureMax => 0x9D9
07:28:24 [INFO] Found netvar: m_flCustomBloomScale => 0x9E4
07:28:24 [INFO] Found netvar: m_flCustomAutoExposureMin => 0x9DC
07:28:24 [INFO] Found netvar: m_flCustomAutoExposureMax => 0x9E0
07:28:24 [INFO] Finished netvar scanning: 85/85 items successful
07:28:43 [INFO] Opening target process: csgo.exe
07:28:43 [INFO] Starting signature scanning: 57 items
07:28:43 [INFO] Found signature: dwClientState => 0x58EFE4
07:28:43 [INFO] Found signature: dwClientState_GetLocalPlayer => 0x180
07:28:43 [INFO] Found signature: dwClientState_IsHLTV => 0x4D48
07:28:43 [INFO] Found signature: dwClientState_Map => 0x28C
07:28:43 [INFO] Found signature: dwClientState_MapDirectory => 0x188
07:28:43 [INFO] Found signature: dwClientState_MaxPlayer => 0x388
07:28:43 [INFO] Found signature: dwClientState_PlayerInfo => 0x52C0
07:28:43 [INFO] Found signature: dwClientState_State => 0x108
07:28:43 [INFO] Found signature: dwClientState_ViewAngles => 0x4D90
07:28:43 [INFO] Found signature: clientstate_delta_ticks => 0x174
07:28:43 [INFO] Found signature: clientstate_last_outgoing_command => 0x4D2C
07:28:43 [INFO] Found signature: clientstate_choked_commands => 0x4D30
07:28:43 [INFO] Found signature: clientstate_net_channel => 0x9C
07:28:43 [INFO] Found signature: dwEntityList => 0x4D9FBD4
07:28:43 [INFO] Found signature: dwForceAttack => 0x31D1134
07:28:43 [INFO] Found signature: dwForceAttack2 => 0x31D1140
07:28:43 [INFO] Found signature: dwForceBackward => 0x31D1188
07:28:43 [INFO] Found signature: dwForceForward => 0x31D1194
07:28:43 [INFO] Found signature: dwForceJump => 0x5249B34
07:28:43 [INFO] Found signature: dwForceLeft => 0x31D1110
07:28:43 [INFO] Found signature: dwForceRight => 0x31D1104
07:28:43 [INFO] Found signature: dwGameDir => 0x62D7F8
07:28:43 [INFO] Found signature: dwGameRulesProxy => 0x52BCE2C
07:28:43 [INFO] Found signature: dwGetAllClasses => 0xDAFD74
07:28:43 [INFO] Found signature: dwGlobalVars => 0x58ECE8
07:28:43 [INFO] Found signature: dwGlowObjectManager => 0x52E81B0
07:28:43 [INFO] Found signature: dwInput => 0x51F11B8
07:28:43 [INFO] Found signature: dwInterfaceLinkList => 0x943C54
07:28:43 [INFO] Found signature: dwLocalPlayer => 0xD882BC
07:28:43 [INFO] Found signature: dwMouseEnable => 0xD8DE60
07:28:43 [INFO] Found signature: dwMouseEnablePtr => 0xD8DE30
07:28:43 [INFO] Found signature: dwPlayerResource => 0x31CF490
07:28:43 [INFO] Found signature: dwRadarBase => 0x51D494C
07:28:43 [INFO] Found signature: dwSensitivity => 0xD8DCFC
07:28:43 [INFO] Found signature: dwSensitivityPtr => 0xD8DCD0
07:28:43 [INFO] Found signature: dwSetClanTag => 0x8A1A0
07:28:43 [INFO] Found signature: dwViewMatrix => 0x4D914D4
07:28:43 [INFO] Found signature: dwWeaponTable => 0x51F1C78
07:28:43 [INFO] Found signature: dwWeaponTableIndex => 0x325C
07:28:43 [INFO] Found signature: dwYawPtr => 0xD8DAC0
07:28:43 [INFO] Found signature: dwZoomSensitivityRatioPtr => 0xD92D60
07:28:43 [INFO] Found signature: dwbSendPackets => 0xD723A
07:28:43 [INFO] Found signature: dwppDirect3DDevice9 => 0xA7050
07:28:43 [INFO] Found signature: m_pStudioHdr => 0x294C
07:28:43 [INFO] Found signature: m_yawClassPtr => 0xD8DAC0
07:28:43 [INFO] Found signature: m_pitchClassPtr => 0x51D4BE8
07:28:43 [INFO] Found signature: interface_engine_cvar => 0x3E9EC
07:28:43 [INFO] Found signature: convar_name_hash_table => 0x2F0F8
07:28:43 [INFO] Found signature: m_bDormant => 0xED
07:28:43 [INFO] Found signature: model_ambient_min => 0x59205C
07:28:43 [INFO] Found signature: set_abs_angles => 0x1E05B0
07:28:43 [INFO] Found signature: set_abs_origin => 0x1E03F0
07:28:43 [INFO] Found signature: is_c4_owner => 0x3BACB0
07:28:43 [INFO] Found signature: force_update_spectator_glow => 0x3AE1F2
07:28:43 [INFO] Found signature: anim_overlays => 0x2980
07:28:43 [INFO] Found signature: m_flSpawnTime => 0xA370
07:28:43 [INFO] Found signature: find_hud_element => 0x3281EE80
07:28:43 [INFO] Finished signature scanning: 57/57 items successful
07:28:43 [INFO] Starting netvar scanning: 85 items
07:28:43 [INFO] Found netvar: m_ArmorValue => 0xB378
07:28:43 [INFO] Found netvar: m_Collision => 0x320
07:28:43 [INFO] Found netvar: m_CollisionGroup => 0x474
07:28:43 [INFO] Found netvar: m_Local => 0x2FBC
07:28:43 [INFO] Found netvar: m_MoveType => 0x25B
07:28:43 [INFO] Found netvar: m_OriginalOwnerXuidHigh => 0x31C4
07:28:43 [INFO] Found netvar: m_OriginalOwnerXuidLow => 0x31C0
07:28:43 [INFO] Found netvar: m_aimPunchAngle => 0x302C
07:28:43 [INFO] Found netvar: m_aimPunchAngleVel => 0x3038
07:28:43 [INFO] Found netvar: m_bGunGameImmunity => 0x3944
07:28:43 [INFO] Found netvar: m_bHasDefuser => 0xB388
07:28:43 [INFO] Found netvar: m_bHasHelmet => 0xB36C
07:28:43 [INFO] Found netvar: m_bInReload => 0x3238
07:28:43 [INFO] Found netvar: m_bIsDefusing => 0x3930
07:28:43 [INFO] Found netvar: m_bIsScoped => 0x3928
07:28:43 [INFO] Found netvar: m_bSpotted => 0x93D
07:28:43 [INFO] Found netvar: m_bSpottedByMask => 0x980
07:28:43 [INFO] Found netvar: m_dwBoneMatrix => 0x268C
07:28:43 [INFO] Found netvar: m_fAccuracyPenalty => 0x3330
07:28:43 [INFO] Found netvar: m_fFlags => 0x104
07:28:43 [INFO] Found netvar: m_flFallbackWear => 0x31D0
07:28:43 [INFO] Found netvar: m_flFlashDuration => 0xA420
07:28:43 [INFO] Found netvar: m_flFlashMaxAlpha => 0xA41C
07:28:43 [INFO] Found netvar: m_flNextPrimaryAttack => 0x3238
07:28:43 [INFO] Found netvar: m_hActiveWeapon => 0x2EF8
07:28:43 [INFO] Found netvar: m_hMyWeapons => 0x2EF8
07:28:43 [INFO] Found netvar: m_hObserverTarget => 0x338C
07:28:43 [INFO] Found netvar: m_hOwner => 0x29CC
07:28:43 [INFO] Found netvar: m_hOwnerEntity => 0x14C
07:28:43 [INFO] Found netvar: m_iAccountID => 0x2FC8
07:28:43 [INFO] Found netvar: m_iClip1 => 0x3264
07:28:43 [INFO] Found netvar: m_iCompetitiveRanking => 0x1A84
07:28:43 [INFO] Found netvar: m_iCompetitiveWins => 0x1B88
07:28:43 [INFO] Found netvar: m_iCrosshairId => 0xB388
07:28:43 [INFO] Found netvar: m_iEntityQuality => 0x2FAC
07:28:43 [INFO] Found netvar: m_iFOVStart => 0x31E8
07:28:43 [INFO] Found netvar: m_iFOV => 0x31E4
07:28:43 [INFO] Found netvar: m_iGlowIndex => 0xA420
07:28:43 [INFO] Found netvar: m_iHealth => 0x100
07:28:43 [INFO] Found netvar: m_iItemDefinitionIndex => 0x2FAA
07:28:43 [INFO] Found netvar: m_iItemIDHigh => 0x2FC0
07:28:43 [INFO] Found netvar: m_iObserverMode => 0x3378
07:28:43 [INFO] Found netvar: m_iShotsFired => 0xA390
07:28:43 [INFO] Found netvar: m_iState => 0x3258
07:28:43 [INFO] Found netvar: m_iTeamNum => 0xF4
07:28:43 [INFO] Found netvar: m_lifeState => 0x25F
07:28:43 [INFO] Found netvar: m_nFallbackPaintKit => 0x31C8
07:28:43 [INFO] Found netvar: m_nFallbackSeed => 0x31CC
07:28:43 [INFO] Found netvar: m_nFallbackStatTrak => 0x31D4
07:28:43 [INFO] Found netvar: m_nForceBone => 0x268C
07:28:43 [INFO] Found netvar: m_nTickBase => 0x3430
07:28:43 [INFO] Found netvar: m_rgflCoordinateFrame => 0x474
07:28:43 [INFO] Found netvar: m_szCustomName => 0x303C
07:28:43 [INFO] Found netvar: m_szLastPlaceName => 0x35B4
07:28:43 [INFO] Found netvar: m_vecOrigin => 0x138
07:28:43 [INFO] Found netvar: m_vecVelocity => 0x114
07:28:43 [INFO] Found netvar: m_vecViewOffset => 0x108
07:28:43 [INFO] Found netvar: m_viewPunchAngle => 0x3020
07:28:43 [INFO] Found netvar: m_thirdPersonViewAngles => 0x31D4
07:28:43 [INFO] Found netvar: m_clrRender => 0x70
07:28:43 [INFO] Found netvar: m_flC4Blow => 0x2990
07:28:43 [INFO] Found netvar: m_flTimerLength => 0x2994
07:28:43 [INFO] Found netvar: m_flDefuseLength => 0x29A8
07:28:43 [INFO] Found netvar: m_flDefuseCountDown => 0x29AC
07:28:43 [INFO] Found netvar: cs_gamerules_data => 0x0
07:28:43 [INFO] Found netvar: m_SurvivalRules => 0xD00
07:28:43 [INFO] Found netvar: m_SurvivalGameRuleDecisionTypes => 0x1328
07:28:43 [INFO] Found netvar: m_bIsValveDS => 0x7C
07:28:43 [INFO] Found netvar: m_bFreezePeriod => 0x20
07:28:43 [INFO] Found netvar: m_bBombPlanted => 0x9A5
07:28:43 [INFO] Found netvar: m_bIsQueuedMatchmaking => 0x74
07:28:43 [INFO] Found netvar: m_flSimulationTime => 0x268
07:28:43 [INFO] Found netvar: m_flLowerBodyYawTarget => 0x3A90
07:28:43 [INFO] Found netvar: m_angEyeAnglesX => 0xB37C
07:28:43 [INFO] Found netvar: m_angEyeAnglesY => 0xB380
07:28:43 [INFO] Found netvar: m_flNextAttack => 0x2D70
07:28:43 [INFO] Found netvar: m_iMostRecentModelBoneCounter => 0x268C
07:28:43 [INFO] Found netvar: m_flLastBoneSetupTime => 0x28BC
07:28:43 [INFO] Found netvar: m_bStartedArming => 0x33F0
07:28:43 [INFO] Found netvar: m_bUseCustomBloomScale => 0x9DA
07:28:43 [INFO] Found netvar: m_bUseCustomAutoExposureMin => 0x9D8
07:28:43 [INFO] Found netvar: m_bUseCustomAutoExposureMax => 0x9D9
07:28:43 [INFO] Found netvar: m_flCustomBloomScale => 0x9E4
07:28:43 [INFO] Found netvar: m_flCustomAutoExposureMin => 0x9DC
07:28:43 [INFO] Found netvar: m_flCustomAutoExposureMax => 0x9E0
07:28:43 [INFO] Finished netvar scanning: 85/85 items successful
07:29:39 [INFO] Opening target process: csgo.exe
07:29:39 [INFO] Starting signature scanning: 57 items
07:29:39 [INFO] Found signature: dwClientState => 0x58EFE4
07:29:39 [INFO] Found signature: dwClientState_GetLocalPlayer => 0x180
07:29:39 [INFO] Found signature: dwClientState_IsHLTV => 0x4D48
07:29:39 [INFO] Found signature: dwClientState_Map => 0x28C
07:29:39 [INFO] Found signature: dwClientState_MapDirectory => 0x188
07:29:39 [INFO] Found signature: dwClientState_MaxPlayer => 0x388
07:29:39 [INFO] Found signature: dwClientState_PlayerInfo => 0x52C0
07:29:39 [INFO] Found signature: dwClientState_State => 0x108
07:29:39 [INFO] Found signature: dwClientState_ViewAngles => 0x4D90
07:29:39 [INFO] Found signature: clientstate_delta_ticks => 0x174
07:29:39 [INFO] Found signature: clientstate_last_outgoing_command => 0x4D2C
07:29:39 [INFO] Found signature: clientstate_choked_commands => 0x4D30
07:29:39 [INFO] Found signature: clientstate_net_channel => 0x9C
07:29:39 [INFO] Found signature: dwEntityList => 0x4D9FBD4
07:29:39 [INFO] Found signature: dwForceAttack => 0x31D1134
07:29:39 [INFO] Found signature: dwForceAttack2 => 0x31D1140
07:29:39 [INFO] Found signature: dwForceBackward => 0x31D1188
07:29:39 [INFO] Found signature: dwForceForward => 0x31D1194
07:29:39 [INFO] Found signature: dwForceJump => 0x5249B34
07:29:39 [INFO] Found signature: dwForceLeft => 0x31D1110
07:29:39 [INFO] Found signature: dwForceRight => 0x31D1104
07:29:39 [INFO] Found signature: dwGameDir => 0x62D7F8
07:29:39 [INFO] Found signature: dwGameRulesProxy => 0x52BCE2C
07:29:39 [INFO] Found signature: dwGetAllClasses => 0xDAFD74
07:29:39 [INFO] Found signature: dwGlobalVars => 0x58ECE8
07:29:39 [INFO] Found signature: dwGlowObjectManager => 0x52E81B0
07:29:39 [INFO] Found signature: dwInput => 0x51F11B8
07:29:39 [INFO] Found signature: dwInterfaceLinkList => 0x943C54
07:29:39 [INFO] Found signature: dwLocalPlayer => 0xD882BC
07:29:39 [INFO] Found signature: dwMouseEnable => 0xD8DE60
07:29:39 [INFO] Found signature: dwMouseEnablePtr => 0xD8DE30
07:29:39 [INFO] Found signature: dwPlayerResource => 0x31CF490
07:29:39 [INFO] Found signature: dwRadarBase => 0x51D494C
07:29:39 [INFO] Found signature: dwSensitivity => 0xD8DCFC
07:29:39 [INFO] Found signature: dwSensitivityPtr => 0xD8DCD0
07:29:39 [INFO] Found signature: dwSetClanTag => 0x8A1A0
07:29:39 [INFO] Found signature: dwViewMatrix => 0x4D914D4
07:29:39 [INFO] Found signature: dwWeaponTable => 0x51F1C78
07:29:39 [INFO] Found signature: dwWeaponTableIndex => 0x325C
07:29:39 [INFO] Found signature: dwYawPtr => 0xD8DAC0
07:29:39 [INFO] Found signature: dwZoomSensitivityRatioPtr => 0xD92D60
07:29:39 [INFO] Found signature: dwbSendPackets => 0xD723A
07:29:39 [INFO] Found signature: dwppDirect3DDevice9 => 0xA7050
07:29:39 [INFO] Found signature: m_pStudioHdr => 0x294C
07:29:39 [INFO] Found signature: m_yawClassPtr => 0xD8DAC0
07:29:39 [INFO] Found signature: m_pitchClassPtr => 0x51D4BE8
07:29:39 [INFO] Found signature: interface_engine_cvar => 0x3E9EC
07:29:39 [INFO] Found signature: convar_name_hash_table => 0x2F0F8
07:29:39 [INFO] Found signature: m_bDormant => 0xED
07:29:39 [INFO] Found signature: model_ambient_min => 0x59205C
07:29:39 [INFO] Found signature: set_abs_angles => 0x1E05B0
07:29:39 [INFO] Found signature: set_abs_origin => 0x1E03F0
07:29:39 [INFO] Found signature: is_c4_owner => 0x3BACB0
07:29:39 [INFO] Found signature: force_update_spectator_glow => 0x3AE1F2
07:29:39 [INFO] Found signature: anim_overlays => 0x2980
07:29:39 [INFO] Found signature: m_flSpawnTime => 0xA370
07:29:39 [INFO] Found signature: find_hud_element => 0x3281EE80
07:29:39 [INFO] Finished signature scanning: 57/57 items successful
07:29:39 [INFO] Starting netvar scanning: 85 items
07:29:39 [INFO] Found netvar: m_ArmorValue => 0xB378
07:29:39 [INFO] Found netvar: m_Collision => 0x320
07:29:39 [INFO] Found netvar: m_CollisionGroup => 0x474
07:29:39 [INFO] Found netvar: m_Local => 0x2FBC
07:29:39 [INFO] Found netvar: m_MoveType => 0x25B
07:29:39 [INFO] Found netvar: m_OriginalOwnerXuidHigh => 0x31C4
07:29:39 [INFO] Found netvar: m_OriginalOwnerXuidLow => 0x31C0
07:29:39 [INFO] Found netvar: m_aimPunchAngle => 0x302C
07:29:39 [INFO] Found netvar: m_aimPunchAngleVel => 0x3038
07:29:39 [INFO] Found netvar: m_bGunGameImmunity => 0x3944
07:29:39 [INFO] Found netvar: m_bHasDefuser => 0xB388
07:29:39 [INFO] Found netvar: m_bHasHelmet => 0xB36C
07:29:39 [INFO] Found netvar: m_bInReload => 0x3238
07:29:39 [INFO] Found netvar: m_bIsDefusing => 0x3930
07:29:39 [INFO] Found netvar: m_bIsScoped => 0x3928
07:29:39 [INFO] Found netvar: m_bSpotted => 0x93D
07:29:39 [INFO] Found netvar: m_bSpottedByMask => 0x980
07:29:39 [INFO] Found netvar: m_dwBoneMatrix => 0x268C
07:29:39 [INFO] Found netvar: m_fAccuracyPenalty => 0x3330
07:29:39 [INFO] Found netvar: m_fFlags => 0x104
07:29:39 [INFO] Found netvar: m_flFallbackWear => 0x31D0
07:29:39 [INFO] Found netvar: m_flFlashDuration => 0xA420
07:29:39 [INFO] Found netvar: m_flFlashMaxAlpha => 0xA41C
07:29:39 [INFO] Found netvar: m_flNextPrimaryAttack => 0x3238
07:29:39 [INFO] Found netvar: m_hActiveWeapon => 0x2EF8
07:29:39 [INFO] Found netvar: m_hMyWeapons => 0x2EF8
07:29:39 [INFO] Found netvar: m_hObserverTarget => 0x338C
07:29:39 [INFO] Found netvar: m_hOwner => 0x29CC
07:29:39 [INFO] Found netvar: m_hOwnerEntity => 0x14C
07:29:39 [INFO] Found netvar: m_iAccountID => 0x2FC8
07:29:39 [INFO] Found netvar: m_iClip1 => 0x3264
07:29:39 [INFO] Found netvar: m_iCompetitiveRanking => 0x1A84
07:29:39 [INFO] Found netvar: m_iCompetitiveWins => 0x1B88
07:29:39 [INFO] Found netvar: m_iCrosshairId => 0xB388
07:29:39 [INFO] Found netvar: m_iEntityQuality => 0x2FAC
07:29:39 [INFO] Found netvar: m_iFOVStart => 0x31E8
07:29:39 [INFO] Found netvar: m_iFOV => 0x31E4
07:29:39 [INFO] Found netvar: m_iGlowIndex => 0xA420
07:29:39 [INFO] Found netvar: m_iHealth => 0x100
07:29:39 [INFO] Found netvar: m_iItemDefinitionIndex => 0x2FAA
07:29:39 [INFO] Found netvar: m_iItemIDHigh => 0x2FC0
07:29:39 [INFO] Found netvar: m_iObserverMode => 0x3378
07:29:39 [INFO] Found netvar: m_iShotsFired => 0xA390
07:29:39 [INFO] Found netvar: m_iState => 0x3258
07:29:39 [INFO] Found netvar: m_iTeamNum => 0xF4
07:29:39 [INFO] Found netvar: m_lifeState => 0x25F
07:29:39 [INFO] Found netvar: m_nFallbackPaintKit => 0x31C8
07:29:39 [INFO] Found netvar: m_nFallbackSeed => 0x31CC
07:29:39 [INFO] Found netvar: m_nFallbackStatTrak => 0x31D4
07:29:39 [INFO] Found netvar: m_nForceBone => 0x268C
07:29:39 [INFO] Found netvar: m_nTickBase => 0x3430
07:29:39 [INFO] Found netvar: m_rgflCoordinateFrame => 0x474
07:29:39 [INFO] Found netvar: m_szCustomName => 0x303C
07:29:39 [INFO] Found netvar: m_szLastPlaceName => 0x35B4
07:29:39 [INFO] Found netvar: m_vecOrigin => 0x138
07:29:39 [INFO] Found netvar: m_vecVelocity => 0x114
07:29:39 [INFO] Found netvar: m_vecViewOffset => 0x108
07:29:39 [INFO] Found netvar: m_viewPunchAngle => 0x3020
07:29:39 [INFO] Found netvar: m_thirdPersonViewAngles => 0x31D4
07:29:39 [INFO] Found netvar: m_clrRender => 0x70
07:29:39 [INFO] Found netvar: m_flC4Blow => 0x2990
07:29:39 [INFO] Found netvar: m_flTimerLength => 0x2994
07:29:39 [INFO] Found netvar: m_flDefuseLength => 0x29A8
07:29:39 [INFO] Found netvar: m_flDefuseCountDown => 0x29AC
07:29:39 [INFO] Found netvar: cs_gamerules_data => 0x0
07:29:39 [INFO] Found netvar: m_SurvivalRules => 0xD00
07:29:39 [INFO] Found netvar: m_SurvivalGameRuleDecisionTypes => 0x1328
07:29:39 [INFO] Found netvar: m_bIsValveDS => 0x7C
07:29:39 [INFO] Found netvar: m_bFreezePeriod => 0x20
07:29:39 [INFO] Found netvar: m_bBombPlanted => 0x9A5
07:29:39 [INFO] Found netvar: m_bIsQueuedMatchmaking => 0x74
07:29:39 [INFO] Found netvar: m_flSimulationTime => 0x268
07:29:39 [INFO] Found netvar: m_flLowerBodyYawTarget => 0x3A90
07:29:39 [INFO] Found netvar: m_angEyeAnglesX => 0xB37C
07:29:39 [INFO] Found netvar: m_angEyeAnglesY => 0xB380
07:29:39 [INFO] Found netvar: m_flNextAttack => 0x2D70
07:29:39 [INFO] Found netvar: m_iMostRecentModelBoneCounter => 0x268C
07:29:39 [INFO] Found netvar: m_flLastBoneSetupTime => 0x28BC
07:29:39 [INFO] Found netvar: m_bStartedArming => 0x33F0
07:29:39 [INFO] Found netvar: m_bUseCustomBloomScale => 0x9DA
07:29:39 [INFO] Found netvar: m_bUseCustomAutoExposureMin => 0x9D8
07:29:39 [INFO] Found netvar: m_bUseCustomAutoExposureMax => 0x9D9
07:29:39 [INFO] Found netvar: m_flCustomBloomScale => 0x9E4
07:29:39 [INFO] Found netvar: m_flCustomAutoExposureMin => 0x9DC
07:29:39 [INFO] Found netvar: m_flCustomAutoExposureMax => 0x9E0
07:29:39 [INFO] Finished netvar scanning: 85/85 items successful
07:31:06 [INFO] Opening target process: csgo.exe
07:31:06 [INFO] Starting signature scanning: 57 items
07:31:06 [INFO] Found signature: dwClientState => 0x58EFE4
07:31:06 [INFO] Found signature: dwClientState_GetLocalPlayer => 0x180
07:31:06 [INFO] Found signature: dwClientState_IsHLTV => 0x4D48
07:31:06 [INFO] Found signature: dwClientState_Map => 0x28C
07:31:06 [INFO] Found signature: dwClientState_MapDirectory => 0x188
07:31:06 [INFO] Found signature: dwClientState_MaxPlayer => 0x388
07:31:06 [INFO] Found signature: dwClientState_PlayerInfo => 0x52C0
07:31:06 [INFO] Found signature: dwClientState_State => 0x108
07:31:06 [INFO] Found signature: dwClientState_ViewAngles => 0x4D90
07:31:06 [INFO] Found signature: clientstate_delta_ticks => 0x174
07:31:06 [INFO] Found signature: clientstate_last_outgoing_command => 0x4D2C
07:31:06 [INFO] Found signature: clientstate_choked_commands => 0x4D30
07:31:06 [INFO] Found signature: clientstate_net_channel => 0x9C
07:31:06 [INFO] Found signature: dwEntityList => 0x4D9FBD4
07:31:06 [INFO] Found signature: dwForceAttack => 0x31D1134
07:31:06 [INFO] Found signature: dwForceAttack2 => 0x31D1140
07:31:06 [INFO] Found signature: dwForceBackward => 0x31D1188
07:31:06 [INFO] Found signature: dwForceForward => 0x31D1194
07:31:06 [INFO] Found signature: dwForceJump => 0x5249B34
07:31:06 [INFO] Found signature: dwForceLeft => 0x31D1110
07:31:06 [INFO] Found signature: dwForceRight => 0x31D1104
07:31:06 [INFO] Found signature: dwGameDir => 0x62D7F8
07:31:06 [INFO] Found signature: dwGameRulesProxy => 0x52BCE2C
07:31:06 [INFO] Found signature: dwGetAllClasses => 0xDAFD74
07:31:06 [INFO] Found signature: dwGlobalVars => 0x58ECE8
07:31:07 [INFO] Found signature: dwGlowObjectManager => 0x52E81B0
07:31:07 [INFO] Found signature: dwInput => 0x51F11B8
07:31:07 [INFO] Found signature: dwInterfaceLinkList => 0x943C54
07:31:07 [INFO] Found signature: dwLocalPlayer => 0xD882BC
07:31:07 [INFO] Found signature: dwMouseEnable => 0xD8DE60
07:31:07 [INFO] Found signature: dwMouseEnablePtr => 0xD8DE30
07:31:07 [INFO] Found signature: dwPlayerResource => 0x31CF490
07:31:07 [INFO] Found signature: dwRadarBase => 0x51D494C
07:31:07 [INFO] Found signature: dwSensitivity => 0xD8DCFC
07:31:07 [INFO] Found signature: dwSensitivityPtr => 0xD8DCD0
07:31:07 [INFO] Found signature: dwSetClanTag => 0x8A1A0
07:31:07 [INFO] Found signature: dwViewMatrix => 0x4D914D4
07:31:07 [INFO] Found signature: dwWeaponTable => 0x51F1C78
07:31:07 [INFO] Found signature: dwWeaponTableIndex => 0x325C
07:31:07 [INFO] Found signature: dwYawPtr => 0xD8DAC0
07:31:07 [INFO] Found signature: dwZoomSensitivityRatioPtr => 0xD92D60
07:31:07 [INFO] Found signature: dwbSendPackets => 0xD723A
07:31:07 [INFO] Found signature: dwppDirect3DDevice9 => 0xA7050
07:31:07 [INFO] Found signature: m_pStudioHdr => 0x294C
07:31:07 [INFO] Found signature: m_yawClassPtr => 0xD8DAC0
07:31:07 [INFO] Found signature: m_pitchClassPtr => 0x51D4BE8
07:31:07 [INFO] Found signature: interface_engine_cvar => 0x3E9EC
07:31:07 [INFO] Found signature: convar_name_hash_table => 0x2F0F8
07:31:07 [INFO] Found signature: m_bDormant => 0xED
07:31:07 [INFO] Found signature: model_ambient_min => 0x59205C
07:31:07 [INFO] Found signature: set_abs_angles => 0x1E05B0
07:31:07 [INFO] Found signature: set_abs_origin => 0x1E03F0
07:31:07 [INFO] Found signature: is_c4_owner => 0x3BACB0
07:31:07 [INFO] Found signature: force_update_spectator_glow => 0x3AE1F2
07:31:07 [INFO] Found signature: anim_overlays => 0x2980
07:31:07 [INFO] Found signature: m_flSpawnTime => 0xA370
07:31:07 [INFO] Found signature: find_hud_element => 0x3281EE80
07:31:07 [INFO] Finished signature scanning: 57/57 items successful
07:31:07 [INFO] Starting netvar scanning: 85 items
07:31:07 [INFO] Found netvar: m_ArmorValue => 0xB378
07:31:07 [INFO] Found netvar: m_Collision => 0x320
07:31:07 [INFO] Found netvar: m_CollisionGroup => 0x474
07:31:07 [INFO] Found netvar: m_Local => 0x2FBC
07:31:07 [INFO] Found netvar: m_MoveType => 0x25B
07:31:07 [INFO] Found netvar: m_OriginalOwnerXuidHigh => 0x31C4
07:31:07 [INFO] Found netvar: m_OriginalOwnerXuidLow => 0x31C0
07:31:07 [INFO] Found netvar: m_aimPunchAngle => 0x302C
07:31:07 [INFO] Found netvar: m_aimPunchAngleVel => 0x3038
07:31:07 [INFO] Found netvar: m_bGunGameImmunity => 0x3944
07:31:07 [INFO] Found netvar: m_bHasDefuser => 0xB388
07:31:07 [INFO] Found netvar: m_bHasHelmet => 0xB36C
07:31:07 [INFO] Found netvar: m_bInReload => 0x3238
07:31:07 [INFO] Found netvar: m_bIsDefusing => 0x3930
07:31:07 [INFO] Found netvar: m_bIsScoped => 0x3928
07:31:07 [INFO] Found netvar: m_bSpotted => 0x93D
07:31:07 [INFO] Found netvar: m_bSpottedByMask => 0x980
07:31:07 [INFO] Found netvar: m_dwBoneMatrix => 0x268C
07:31:07 [INFO] Found netvar: m_fAccuracyPenalty => 0x3330
07:31:07 [INFO] Found netvar: m_fFlags => 0x104
07:31:07 [INFO] Found netvar: m_flFallbackWear => 0x31D0
07:31:07 [INFO] Found netvar: m_flFlashDuration => 0xA420
07:31:07 [INFO] Found netvar: m_flFlashMaxAlpha => 0xA41C
07:31:07 [INFO] Found netvar: m_flNextPrimaryAttack => 0x3238
07:31:07 [INFO] Found netvar: m_hActiveWeapon => 0x2EF8
07:31:07 [INFO] Found netvar: m_hMyWeapons => 0x2EF8
07:31:07 [INFO] Found netvar: m_hObserverTarget => 0x338C
07:31:07 [INFO] Found netvar: m_hOwner => 0x29CC
07:31:07 [INFO] Found netvar: m_hOwnerEntity => 0x14C
07:31:07 [INFO] Found netvar: m_iAccountID => 0x2FC8
07:31:07 [INFO] Found netvar: m_iClip1 => 0x3264
07:31:07 [INFO] Found netvar: m_iCompetitiveRanking => 0x1A84
07:31:07 [INFO] Found netvar: m_iCompetitiveWins => 0x1B88
07:31:07 [INFO] Found netvar: m_iCrosshairId => 0xB388
07:31:07 [INFO] Found netvar: m_iEntityQuality => 0x2FAC
07:31:07 [INFO] Found netvar: m_iFOVStart => 0x31E8
07:31:07 [INFO] Found netvar: m_iFOV => 0x31E4
07:31:07 [INFO] Found netvar: m_iGlowIndex => 0xA420
07:31:07 [INFO] Found netvar: m_iHealth => 0x100
07:31:07 [INFO] Found netvar: m_iItemDefinitionIndex => 0x2FAA
07:31:07 [INFO] Found netvar: m_iItemIDHigh => 0x2FC0
07:31:07 [INFO] Found netvar: m_iObserverMode => 0x3378
07:31:07 [INFO] Found netvar: m_iShotsFired => 0xA390
07:31:07 [INFO] Found netvar: m_iState => 0x3258
07:31:07 [INFO] Found netvar: m_iTeamNum => 0xF4
07:31:07 [INFO] Found netvar: m_lifeState => 0x25F
07:31:07 [INFO] Found netvar: m_nFallbackPaintKit => 0x31C8
07:31:07 [INFO] Found netvar: m_nFallbackSeed => 0x31CC
07:31:07 [INFO] Found netvar: m_nFallbackStatTrak => 0x31D4
07:31:07 [INFO] Found netvar: m_nForceBone => 0x268C
07:31:07 [INFO] Found netvar: m_nTickBase => 0x3430
07:31:07 [INFO] Found netvar: m_rgflCoordinateFrame => 0x474
07:31:07 [INFO] Found netvar: m_szCustomName => 0x303C
07:31:07 [INFO] Found netvar: m_szLastPlaceName => 0x35B4
07:31:07 [INFO] Found netvar: m_vecOrigin => 0x138
07:31:07 [INFO] Found netvar: m_vecVelocity => 0x114
07:31:07 [INFO] Found netvar: m_vecViewOffset => 0x108
07:31:07 [INFO] Found netvar: m_viewPunchAngle => 0x3020
07:31:07 [INFO] Found netvar: m_thirdPersonViewAngles => 0x31D4
07:31:07 [INFO] Found netvar: m_clrRender => 0x70
07:31:07 [INFO] Found netvar: m_flC4Blow => 0x2990
07:31:07 [INFO] Found netvar: m_flTimerLength => 0x2994
07:31:07 [INFO] Found netvar: m_flDefuseLength => 0x29A8
07:31:07 [INFO] Found netvar: m_flDefuseCountDown => 0x29AC
07:31:07 [INFO] Found netvar: cs_gamerules_data => 0x0
07:31:07 [INFO] Found netvar: m_SurvivalRules => 0xD00
07:31:07 [INFO] Found netvar: m_SurvivalGameRuleDecisionTypes => 0x1328
07:31:07 [INFO] Found netvar: m_bIsValveDS => 0x7C
07:31:07 [INFO] Found netvar: m_bFreezePeriod => 0x20
07:31:07 [INFO] Found netvar: m_bBombPlanted => 0x9A5
07:31:07 [INFO] Found netvar: m_bIsQueuedMatchmaking => 0x74
07:31:07 [INFO] Found netvar: m_flSimulationTime => 0x268
07:31:07 [INFO] Found netvar: m_flLowerBodyYawTarget => 0x3A90
07:31:07 [INFO] Found netvar: m_angEyeAnglesX => 0xB37C
07:31:07 [INFO] Found netvar: m_angEyeAnglesY => 0xB380
07:31:07 [INFO] Found netvar: m_flNextAttack => 0x2D70
07:31:07 [INFO] Found netvar: m_iMostRecentModelBoneCounter => 0x268C
07:31:07 [INFO] Found netvar: m_flLastBoneSetupTime => 0x28BC
07:31:07 [INFO] Found netvar: m_bStartedArming => 0x33F0
07:31:07 [INFO] Found netvar: m_bUseCustomBloomScale => 0x9DA
07:31:07 [INFO] Found netvar: m_bUseCustomAutoExposureMin => 0x9D8
07:31:07 [INFO] Found netvar: m_bUseCustomAutoExposureMax => 0x9D9
07:31:07 [INFO] Found netvar: m_flCustomBloomScale => 0x9E4
07:31:07 [INFO] Found netvar: m_flCustomAutoExposureMin => 0x9DC
07:31:07 [INFO] Found netvar: m_flCustomAutoExposureMax => 0x9E0
07:31:07 [INFO] Finished netvar scanning: 85/85 items successful
07:32:55 [INFO] Opening target process: csgo.exe
07:32:55 [INFO] Starting signature scanning: 57 items
07:32:55 [INFO] Found signature: dwClientState => 0x58EFE4
07:32:55 [INFO] Found signature: dwClientState_GetLocalPlayer => 0x180
07:32:55 [INFO] Found signature: dwClientState_IsHLTV => 0x4D48
07:32:55 [INFO] Found signature: dwClientState_Map => 0x28C
07:32:55 [INFO] Found signature: dwClientState_MapDirectory => 0x188
07:32:55 [INFO] Found signature: dwClientState_MaxPlayer => 0x388
07:32:55 [INFO] Found signature: dwClientState_PlayerInfo => 0x52C0
07:32:55 [INFO] Found signature: dwClientState_State => 0x108
07:32:55 [INFO] Found signature: dwClientState_ViewAngles => 0x4D90
07:32:55 [INFO] Found signature: clientstate_delta_ticks => 0x174
07:32:55 [INFO] Found signature: clientstate_last_outgoing_command => 0x4D2C
07:32:55 [INFO] Found signature: clientstate_choked_commands => 0x4D30
07:32:55 [INFO] Found signature: clientstate_net_channel => 0x9C
07:32:55 [INFO] Found signature: dwEntityList => 0x4D9FBD4
07:32:55 [INFO] Found signature: dwForceAttack => 0x31D1134
07:32:55 [INFO] Found signature: dwForceAttack2 => 0x31D1140
07:32:55 [INFO] Found signature: dwForceBackward => 0x31D1188
07:32:55 [INFO] Found signature: dwForceForward => 0x31D1194
07:32:55 [INFO] Found signature: dwForceJump => 0x5249B34
07:32:55 [INFO] Found signature: dwForceLeft => 0x31D1110
07:32:55 [INFO] Found signature: dwForceRight => 0x31D1104
07:32:55 [INFO] Found signature: dwGameDir => 0x62D7F8
07:32:55 [INFO] Found signature: dwGameRulesProxy => 0x52BCE2C
07:32:55 [INFO] Found signature: dwGetAllClasses => 0xDAFD74
07:32:55 [INFO] Found signature: dwGlobalVars => 0x58ECE8
07:32:55 [INFO] Found signature: dwGlowObjectManager => 0x52E81B0
07:32:55 [INFO] Found signature: dwInput => 0x51F11B8
07:32:55 [INFO] Found signature: dwInterfaceLinkList => 0x943C54
07:32:55 [INFO] Found signature: dwLocalPlayer => 0xD882BC
07:32:55 [INFO] Found signature: dwMouseEnable => 0xD8DE60
07:32:55 [INFO] Found signature: dwMouseEnablePtr => 0xD8DE30
07:32:55 [INFO] Found signature: dwPlayerResource => 0x31CF490
07:32:55 [INFO] Found signature: dwRadarBase => 0x51D494C
07:32:55 [INFO] Found signature: dwSensitivity => 0xD8DCFC
07:32:55 [INFO] Found signature: dwSensitivityPtr => 0xD8DCD0
07:32:55 [INFO] Found signature: dwSetClanTag => 0x8A1A0
07:32:55 [INFO] Found signature: dwViewMatrix => 0x4D914D4
07:32:55 [INFO] Found signature: dwWeaponTable => 0x51F1C78
07:32:55 [INFO] Found signature: dwWeaponTableIndex => 0x325C
07:32:55 [INFO] Found signature: dwYawPtr => 0xD8DAC0
07:32:55 [INFO] Found signature: dwZoomSensitivityRatioPtr => 0xD92D60
07:32:55 [INFO] Found signature: dwbSendPackets => 0xD723A
07:32:55 [INFO] Found signature: dwppDirect3DDevice9 => 0xA7050
07:32:55 [INFO] Found signature: m_pStudioHdr => 0x294C
07:32:55 [INFO] Found signature: m_yawClassPtr => 0xD8DAC0
07:32:55 [INFO] Found signature: m_pitchClassPtr => 0x51D4BE8
07:32:55 [INFO] Found signature: interface_engine_cvar => 0x3E9EC
07:32:55 [INFO] Found signature: convar_name_hash_table => 0x2F0F8
07:32:55 [INFO] Found signature: m_bDormant => 0xED
07:32:55 [INFO] Found signature: model_ambient_min => 0x59205C
07:32:55 [INFO] Found signature: set_abs_angles => 0x1E05B0
07:32:55 [INFO] Found signature: set_abs_origin => 0x1E03F0
07:32:55 [INFO] Found signature: is_c4_owner => 0x3BACB0
07:32:55 [INFO] Found signature: force_update_spectator_glow => 0x3AE1F2
07:32:55 [INFO] Found signature: anim_overlays => 0x2980
07:32:55 [INFO] Found signature: m_flSpawnTime => 0xA370
07:32:55 [INFO] Found signature: find_hud_element => 0x3281EE80
07:32:55 [INFO] Finished signature scanning: 57/57 items successful
07:32:55 [INFO] Starting netvar scanning: 85 items
07:32:55 [INFO] Found netvar: m_ArmorValue => 0xB378
07:32:55 [INFO] Found netvar: m_Collision => 0x320
07:32:55 [INFO] Found netvar: m_CollisionGroup => 0x474
07:32:55 [INFO] Found netvar: m_Local => 0x2FBC
07:32:55 [INFO] Found netvar: m_MoveType => 0x25B
07:32:55 [INFO] Found netvar: m_OriginalOwnerXuidHigh => 0x31C4
07:32:55 [INFO] Found netvar: m_OriginalOwnerXuidLow => 0x31C0
07:32:55 [INFO] Found netvar: m_aimPunchAngle => 0x302C
07:32:55 [INFO] Found netvar: m_aimPunchAngleVel => 0x3038
07:32:55 [INFO] Found netvar: m_bGunGameImmunity => 0x3944
07:32:55 [INFO] Found netvar: m_bHasDefuser => 0xB388
07:32:55 [INFO] Found netvar: m_bHasHelmet => 0xB36C
07:32:55 [INFO] Found netvar: m_bInReload => 0x3238
07:32:55 [INFO] Found netvar: m_bIsDefusing => 0x3930
07:32:55 [INFO] Found netvar: m_bIsScoped => 0x3928
07:32:55 [INFO] Found netvar: m_bSpotted => 0x93D
07:32:55 [INFO] Found netvar: m_bSpottedByMask => 0x980
07:32:55 [INFO] Found netvar: m_dwBoneMatrix => 0x268C
07:32:55 [INFO] Found netvar: m_fAccuracyPenalty => 0x3330
07:32:55 [INFO] Found netvar: m_fFlags => 0x104
07:32:55 [INFO] Found netvar: m_flFallbackWear => 0x31D0
07:32:55 [INFO] Found netvar: m_flFlashDuration => 0xA420
07:32:55 [INFO] Found netvar: m_flFlashMaxAlpha => 0xA41C
07:32:55 [INFO] Found netvar: m_flNextPrimaryAttack => 0x3238
07:32:55 [INFO] Found netvar: m_hActiveWeapon => 0x2EF8
07:32:55 [INFO] Found netvar: m_hMyWeapons => 0x2EF8
07:32:55 [INFO] Found netvar: m_hObserverTarget => 0x338C
07:32:55 [INFO] Found netvar: m_hOwner => 0x29CC
07:32:55 [INFO] Found netvar: m_hOwnerEntity => 0x14C
07:32:55 [INFO] Found netvar: m_iAccountID => 0x2FC8
07:32:55 [INFO] Found netvar: m_iClip1 => 0x3264
07:32:55 [INFO] Found netvar: m_iCompetitiveRanking => 0x1A84
07:32:55 [INFO] Found netvar: m_iCompetitiveWins => 0x1B88
07:32:55 [INFO] Found netvar: m_iCrosshairId => 0xB388
07:32:55 [INFO] Found netvar: m_iEntityQuality => 0x2FAC
07:32:55 [INFO] Found netvar: m_iFOVStart => 0x31E8
07:32:55 [INFO] Found netvar: m_iFOV => 0x31E4
07:32:55 [INFO] Found netvar: m_iGlowIndex => 0xA420
07:32:55 [INFO] Found netvar: m_iHealth => 0x100
07:32:55 [INFO] Found netvar: m_iItemDefinitionIndex => 0x2FAA
07:32:55 [INFO] Found netvar: m_iItemIDHigh => 0x2FC0
07:32:55 [INFO] Found netvar: m_iObserverMode => 0x3378
07:32:55 [INFO] Found netvar: m_iShotsFired => 0xA390
07:32:55 [INFO] Found netvar: m_iState => 0x3258
07:32:55 [INFO] Found netvar: m_iTeamNum => 0xF4
07:32:55 [INFO] Found netvar: m_lifeState => 0x25F
07:32:55 [INFO] Found netvar: m_nFallbackPaintKit => 0x31C8
07:32:55 [INFO] Found netvar: m_nFallbackSeed => 0x31CC
07:32:55 [INFO] Found netvar: m_nFallbackStatTrak => 0x31D4
07:32:55 [INFO] Found netvar: m_nForceBone => 0x268C
07:32:55 [INFO] Found netvar: m_nTickBase => 0x3430
07:32:55 [INFO] Found netvar: m_rgflCoordinateFrame => 0x474
07:32:55 [INFO] Found netvar: m_szCustomName => 0x303C
07:32:55 [INFO] Found netvar: m_szLastPlaceName => 0x35B4
07:32:55 [INFO] Found netvar: m_vecOrigin => 0x138
07:32:55 [INFO] Found netvar: m_vecVelocity => 0x114
07:32:55 [INFO] Found netvar: m_vecViewOffset => 0x108
07:32:55 [INFO] Found netvar: m_viewPunchAngle => 0x3020
07:32:55 [INFO] Found netvar: m_thirdPersonViewAngles => 0x31D4
07:32:55 [INFO] Found netvar: m_clrRender => 0x70
07:32:55 [INFO] Found netvar: m_flC4Blow => 0x2990
07:32:55 [INFO] Found netvar: m_flTimerLength => 0x2994
07:32:55 [INFO] Found netvar: m_flDefuseLength => 0x29A8
07:32:55 [INFO] Found netvar: m_flDefuseCountDown => 0x29AC
07:32:55 [INFO] Found netvar: cs_gamerules_data => 0x0
07:32:55 [INFO] Found netvar: m_SurvivalRules => 0xD00
07:32:55 [INFO] Found netvar: m_SurvivalGameRuleDecisionTypes => 0x1328
07:32:55 [INFO] Found netvar: m_bIsValveDS => 0x7C
07:32:55 [INFO] Found netvar: m_bFreezePeriod => 0x20
07:32:55 [INFO] Found netvar: m_bBombPlanted => 0x9A5
07:32:55 [INFO] Found netvar: m_bIsQueuedMatchmaking => 0x74
07:32:55 [INFO] Found netvar: m_flSimulationTime => 0x268
07:32:55 [INFO] Found netvar: m_flLowerBodyYawTarget => 0x3A90
07:32:55 [INFO] Found netvar: m_angEyeAnglesX => 0xB37C
07:32:55 [INFO] Found netvar: m_angEyeAnglesY => 0xB380
07:32:55 [INFO] Found netvar: m_flNextAttack => 0x2D70
07:32:55 [INFO] Found netvar: m_iMostRecentModelBoneCounter => 0x268C
07:32:55 [INFO] Found netvar: m_flLastBoneSetupTime => 0x28BC
07:32:55 [INFO] Found netvar: m_bStartedArming => 0x33F0
07:32:55 [INFO] Found netvar: m_bUseCustomBloomScale => 0x9DA
07:32:55 [INFO] Found netvar: m_bUseCustomAutoExposureMin => 0x9D8
07:32:55 [INFO] Found netvar: m_bUseCustomAutoExposureMax => 0x9D9
07:32:55 [INFO] Found netvar: m_flCustomBloomScale => 0x9E4
07:32:55 [INFO] Found netvar: m_flCustomAutoExposureMin => 0x9DC
07:32:55 [INFO] Found netvar: m_flCustomAutoExposureMax => 0x9E0
07:32:55 [INFO] Finished netvar scanning: 85/85 items successful
